This is pdfTeX, Version 3.14159265-2.6-1.40.20 (TeX Live 2019/Debian) (preloaded format=pdflatex 2020.7.31)  11 JUN 2021 10:30
entering extended mode
 restricted \write18 enabled.
 %&-line parsing enabled.
**ml.tex
(./ml.tex
LaTeX2e <2020-02-02> patch level 2
L3 programming layer <2020-02-14>
! Undefined control sequence.
l.1 \section
            {–≠–ª–µ–º–µ–Ω—Ç—ã –º–∞—à–∏–Ω–Ω–æ–≥–æ –æ–±—É—á–µ–Ω–∏—è}
The control sequence at the end of the top line
of your error message was never \def'ed. If you have
misspelled it (e.g., `\hobx'), type `I' and the correct
spelling (e.g., `I\hbox'). Otherwise just continue,
and I'll forget about whatever was undefined.


! Package inputenc Error: Unicode character –≠ (U+042D)
(inputenc)                not set up for use with LaTeX.

See the inputenc package documentation for explanation.
Type  H <return>  for immediate help.
 ...                                              
                                                  
l.1 \section{–≠
               –ª–µ–º–µ–Ω—Ç—ã –º–∞—à–∏–Ω–Ω–æ–≥–æ –æ–±—É—á–µ–Ω–∏—è}
You may provide a definition with
\DeclareUnicodeCharacter 


! Package inputenc Error: Unicode character –ª (U+043B)
(inputenc)                not set up for use with LaTeX.

See the inputenc package documentation for explanation.
Type  H <return>  for immediate help.
 ...                                              
                                                  
l.1 \section{–≠–ª
                 –µ–º–µ–Ω—Ç—ã –º–∞—à–∏–Ω–Ω–æ–≥–æ –æ–±—É—á–µ–Ω–∏—è}
You may provide a definition with
\DeclareUnicodeCharacter 


! Package inputenc Error: Unicode character –µ (U+0435)
(inputenc)                not set up for use with LaTeX.

See the inputenc package documentation for explanation.
Type  H <return>  for immediate help.
 ...                                              
                                                  
l.1 \section{–≠–ª–µ
                   –º–µ–Ω—Ç—ã –º–∞—à–∏–Ω–Ω–æ–≥–æ –æ–±—É—á–µ–Ω–∏—è}
You may provide a definition with
\DeclareUnicodeCharacter 


! Package inputenc Error: Unicode character –º (U+043C)
(inputenc)                not set up for use with LaTeX.

See the inputenc package documentation for explanation.
Type  H <return>  for immediate help.
 ...                                              
                                                  
l.1 \section{–≠–ª–µ–º
                     –µ–Ω—Ç—ã –º–∞—à–∏–Ω–Ω–æ–≥–æ –æ–±—É—á–µ–Ω–∏—è}
You may provide a definition with
\DeclareUnicodeCharacter 


! Package inputenc Error: Unicode character –µ (U+0435)
(inputenc)                not set up for use with LaTeX.

See the inputenc package documentation for explanation.
Type  H <return>  for immediate help.
 ...                                              
                                                  
l.1 \section{–≠–ª–µ–º–µ
                       –Ω—Ç—ã –º–∞—à–∏–Ω–Ω–æ–≥–æ –æ–±—É—á–µ–Ω–∏—è}
You may provide a definition with
\DeclareUnicodeCharacter 


! Package inputenc Error: Unicode character –Ω (U+043D)
(inputenc)                not set up for use with LaTeX.

See the inputenc package documentation for explanation.
Type  H <return>  for immediate help.
 ...                                              
                                                  
l.1 \section{–≠–ª–µ–º–µ–Ω
                         —Ç—ã –º–∞—à–∏–Ω–Ω–æ–≥–æ –æ–±—É—á–µ–Ω–∏—è}
You may provide a definition with
\DeclareUnicodeCharacter 


! Package inputenc Error: Unicode character —Ç (U+0442)
(inputenc)                not set up for use with LaTeX.

See the inputenc package documentation for explanation.
Type  H <return>  for immediate help.
 ...                                              
                                                  
l.1 \section{–≠–ª–µ–º–µ–Ω—Ç
                           —ã –º–∞—à–∏–Ω–Ω–æ–≥–æ –æ–±—É—á–µ–Ω–∏—è}
You may provide a definition with
\DeclareUnicodeCharacter 


! Package inputenc Error: Unicode character —ã (U+044B)
(inputenc)                not set up for use with LaTeX.

See the inputenc package documentation for explanation.
Type  H <return>  for immediate help.
 ...                                              
                                                  
l.1 \section{–≠–ª–µ–º–µ–Ω—Ç—ã
                              –º–∞—à–∏–Ω–Ω–æ–≥–æ –æ–±—É—á–µ–Ω–∏—è}
You may provide a definition with
\DeclareUnicodeCharacter 


! Package inputenc Error: Unicode character –º (U+043C)
(inputenc)                not set up for use with LaTeX.

See the inputenc package documentation for explanation.
Type  H <return>  for immediate help.
 ...                                              
                                                  
l.1 \section{–≠–ª–µ–º–µ–Ω—Ç—ã –º
                                –∞—à–∏–Ω–Ω–æ–≥–æ –æ–±—É—á–µ–Ω–∏—è}
You may provide a definition with
\DeclareUnicodeCharacter 


! Package inputenc Error: Unicode character –∞ (U+0430)
(inputenc)                not set up for use with LaTeX.

See the inputenc package documentation for explanation.
Type  H <return>  for immediate help.
 ...                                              
                                                  
l.1 \section{–≠–ª–µ–º–µ–Ω—Ç—ã –º–∞
                                  —à–∏–Ω–Ω–æ–≥–æ –æ–±—É—á–µ–Ω–∏—è}
You may provide a definition with
\DeclareUnicodeCharacter 


! Package inputenc Error: Unicode character —à (U+0448)
(inputenc)                not set up for use with LaTeX.

See the inputenc package documentation for explanation.
Type  H <return>  for immediate help.
 ...                                              
                                                  
l.1 \section{–≠–ª–µ–º–µ–Ω—Ç—ã –º–∞—à
                                    –∏–Ω–Ω–æ–≥–æ –æ–±—É—á–µ–Ω–∏—è}
You may provide a definition with
\DeclareUnicodeCharacter 


! Package inputenc Error: Unicode character –∏ (U+0438)
(inputenc)                not set up for use with LaTeX.

See the inputenc package documentation for explanation.
Type  H <return>  for immediate help.
 ...                                              
                                                  
l.1 \section{–≠–ª–µ–º–µ–Ω—Ç—ã –º–∞—à–∏
                                      –Ω–Ω–æ–≥–æ –æ–±—É—á–µ–Ω–∏—è}
You may provide a definition with
\DeclareUnicodeCharacter 


! Package inputenc Error: Unicode character –Ω (U+043D)
(inputenc)                not set up for use with LaTeX.

See the inputenc package documentation for explanation.
Type  H <return>  for immediate help.
 ...                                              
                                                  
l.1 \section{–≠–ª–µ–º–µ–Ω—Ç—ã –º–∞—à–∏–Ω
                                        –Ω–æ–≥–æ –æ–±—É—á–µ–Ω–∏—è}
You may provide a definition with
\DeclareUnicodeCharacter 


! Package inputenc Error: Unicode character –Ω (U+043D)
(inputenc)                not set up for use with LaTeX.

See the inputenc package documentation for explanation.
Type  H <return>  for immediate help.
 ...                                              
                                                  
l.1 \section{–≠–ª–µ–º–µ–Ω—Ç—ã –º–∞—à–∏–Ω–Ω
                                          –æ–≥–æ –æ–±—É—á–µ–Ω–∏—è}
You may provide a definition with
\DeclareUnicodeCharacter 


! Package inputenc Error: Unicode character –æ (U+043E)
(inputenc)                not set up for use with LaTeX.

See the inputenc package documentation for explanation.
Type  H <return>  for immediate help.
 ...                                              
                                                  
l.1 \section{–≠–ª–µ–º–µ–Ω—Ç—ã –º–∞—à–∏–Ω–Ω–æ
                                            –≥–æ –æ–±—É—á–µ–Ω–∏—è}
You may provide a definition with
\DeclareUnicodeCharacter 


! Package inputenc Error: Unicode character –≥ (U+0433)
(inputenc)                not set up for use with LaTeX.

See the inputenc package documentation for explanation.
Type  H <return>  for immediate help.
 ...                                              
                                                  
l.1 \section{–≠–ª–µ–º–µ–Ω—Ç—ã –º–∞—à–∏–Ω–Ω–æ–≥
                                              –æ –æ–±—É—á–µ–Ω–∏—è}
You may provide a definition with
\DeclareUnicodeCharacter 


! Package inputenc Error: Unicode character –æ (U+043E)
(inputenc)                not set up for use with LaTeX.

See the inputenc package documentation for explanation.
Type  H <return>  for immediate help.
 ...                                              
                                                  
l.1 \section{–≠–ª–µ–º–µ–Ω—Ç—ã –º–∞—à–∏–Ω–Ω–æ–≥–æ
                                                 –æ–±—É—á–µ–Ω–∏—è}
You may provide a definition with
\DeclareUnicodeCharacter 


! Package inputenc Error: Unicode character –æ (U+043E)
(inputenc)                not set up for use with LaTeX.

See the inputenc package documentation for explanation.
Type  H <return>  for immediate help.
 ...                                              
                                                  
l.1 ...tion{–≠–ª–µ–º–µ–Ω—Ç—ã –º–∞—à–∏–Ω–Ω–æ–≥–æ –æ
                                                  –±—É—á–µ–Ω–∏—è}
You may provide a definition with
\DeclareUnicodeCharacter 


! Package inputenc Error: Unicode character –± (U+0431)
(inputenc)                not set up for use with LaTeX.

See the inputenc package documentation for explanation.
Type  H <return>  for immediate help.
 ...                                              
                                                  
l.1 ...on{–≠–ª–µ–º–µ–Ω—Ç—ã –º–∞—à–∏–Ω–Ω–æ–≥–æ –æ–±
                                                  —É—á–µ–Ω–∏—è}
You may provide a definition with
\DeclareUnicodeCharacter 


! Package inputenc Error: Unicode character —É (U+0443)
(inputenc)                not set up for use with LaTeX.

See the inputenc package documentation for explanation.
Type  H <return>  for immediate help.
 ...                                              
                                                  
l.1 ...{–≠–ª–µ–º–µ–Ω—Ç—ã –º–∞—à–∏–Ω–Ω–æ–≥–æ –æ–±—É
                                                  —á–µ–Ω–∏—è}
You may provide a definition with
\DeclareUnicodeCharacter 


! Package inputenc Error: Unicode character —á (U+0447)
(inputenc)                not set up for use with LaTeX.

See the inputenc package documentation for explanation.
Type  H <return>  for immediate help.
 ...                                              
                                                  
l.1 ...≠–ª–µ–º–µ–Ω—Ç—ã –º–∞—à–∏–Ω–Ω–æ–≥–æ –æ–±—É—á
                                                  –µ–Ω–∏—è}
You may provide a definition with
\DeclareUnicodeCharacter 


! Package inputenc Error: Unicode character –µ (U+0435)
(inputenc)                not set up for use with LaTeX.

See the inputenc package documentation for explanation.
Type  H <return>  for immediate help.
 ...                                              
                                                  
l.1 ...ª–µ–º–µ–Ω—Ç—ã –º–∞—à–∏–Ω–Ω–æ–≥–æ –æ–±—É—á–µ
                                                  –Ω–∏—è}
You may provide a definition with
\DeclareUnicodeCharacter 


! Package inputenc Error: Unicode character –Ω (U+043D)
(inputenc)                not set up for use with LaTeX.

See the inputenc package documentation for explanation.
Type  H <return>  for immediate help.
 ...                                              
                                                  
l.1 ...µ–º–µ–Ω—Ç—ã –º–∞—à–∏–Ω–Ω–æ–≥–æ –æ–±—É—á–µ–Ω
                                                  –∏—è}
You may provide a definition with
\DeclareUnicodeCharacter 


! Package inputenc Error: Unicode character –∏ (U+0438)
(inputenc)                not set up for use with LaTeX.

See the inputenc package documentation for explanation.
Type  H <return>  for immediate help.
 ...                                              
                                                  
l.1 ...º–µ–Ω—Ç—ã –º–∞—à–∏–Ω–Ω–æ–≥–æ –æ–±—É—á–µ–Ω–∏
                                                  —è}
You may provide a definition with
\DeclareUnicodeCharacter 


! Package inputenc Error: Unicode character —è (U+044F)
(inputenc)                not set up for use with LaTeX.

See the inputenc package documentation for explanation.
Type  H <return>  for immediate help.
 ...                                              
                                                  
l.1 ...µ–Ω—Ç—ã –º–∞—à–∏–Ω–Ω–æ–≥–æ –æ–±—É—á–µ–Ω–∏—è
                                                  }
You may provide a definition with
\DeclareUnicodeCharacter 

(./svm.tex
! Undefined control sequence.
l.1 \section
            {–ú–µ—Ç–æ–¥ –æ–ø–æ—Ä–Ω—ã—Ö –≤–µ–∫—Ç–æ—Ä–æ–≤}
The control sequence at the end of the top line
of your error message was never \def'ed. If you have
misspelled it (e.g., `\hobx'), type `I' and the correct
spelling (e.g., `I\hbox'). Otherwise just continue,
and I'll forget about whatever was undefined.


! Package inputenc Error: Unicode character –ú (U+041C)
(inputenc)                not set up for use with LaTeX.

See the inputenc package documentation for explanation.
Type  H <return>  for immediate help.
 ...                                              
                                                  
l.1 \section{–ú
               –µ—Ç–æ–¥ –æ–ø–æ—Ä–Ω—ã—Ö –≤–µ–∫—Ç–æ—Ä–æ–≤}
You may provide a definition with
\DeclareUnicodeCharacter 


! Package inputenc Error: Unicode character –µ (U+0435)
(inputenc)                not set up for use with LaTeX.

See the inputenc package documentation for explanation.
Type  H <return>  for immediate help.
 ...                                              
                                                  
l.1 \section{–ú–µ
                 —Ç–æ–¥ –æ–ø–æ—Ä–Ω—ã—Ö –≤–µ–∫—Ç–æ—Ä–æ–≤}
You may provide a definition with
\DeclareUnicodeCharacter 


! Package inputenc Error: Unicode character —Ç (U+0442)
(inputenc)                not set up for use with LaTeX.

See the inputenc package documentation for explanation.
Type  H <return>  for immediate help.
 ...                                              
                                                  
l.1 \section{–ú–µ—Ç
                   –æ–¥ –æ–ø–æ—Ä–Ω—ã—Ö –≤–µ–∫—Ç–æ—Ä–æ–≤}
You may provide a definition with
\DeclareUnicodeCharacter 


! Package inputenc Error: Unicode character –æ (U+043E)
(inputenc)                not set up for use with LaTeX.

See the inputenc package documentation for explanation.
Type  H <return>  for immediate help.
 ...                                              
                                                  
l.1 \section{–ú–µ—Ç–æ
                     –¥ –æ–ø–æ—Ä–Ω—ã—Ö –≤–µ–∫—Ç–æ—Ä–æ–≤}
You may provide a definition with
\DeclareUnicodeCharacter 


! Package inputenc Error: Unicode character –¥ (U+0434)
(inputenc)                not set up for use with LaTeX.

See the inputenc package documentation for explanation.
Type  H <return>  for immediate help.
 ...                                              
                                                  
l.1 \section{–ú–µ—Ç–æ–¥
                        –æ–ø–æ—Ä–Ω—ã—Ö –≤–µ–∫—Ç–æ—Ä–æ–≤}
You may provide a definition with
\DeclareUnicodeCharacter 


! Package inputenc Error: Unicode character –æ (U+043E)
(inputenc)                not set up for use with LaTeX.

See the inputenc package documentation for explanation.
Type  H <return>  for immediate help.
 ...                                              
                                                  
l.1 \section{–ú–µ—Ç–æ–¥ –æ
                          –ø–æ—Ä–Ω—ã—Ö –≤–µ–∫—Ç–æ—Ä–æ–≤}
You may provide a definition with
\DeclareUnicodeCharacter 


! Package inputenc Error: Unicode character –ø (U+043F)
(inputenc)                not set up for use with LaTeX.

See the inputenc package documentation for explanation.
Type  H <return>  for immediate help.
 ...                                              
                                                  
l.1 \section{–ú–µ—Ç–æ–¥ –æ–ø
                            –æ—Ä–Ω—ã—Ö –≤–µ–∫—Ç–æ—Ä–æ–≤}
You may provide a definition with
\DeclareUnicodeCharacter 


! Package inputenc Error: Unicode character –æ (U+043E)
(inputenc)                not set up for use with LaTeX.

See the inputenc package documentation for explanation.
Type  H <return>  for immediate help.
 ...                                              
                                                  
l.1 \section{–ú–µ—Ç–æ–¥ –æ–ø–æ
                              —Ä–Ω—ã—Ö –≤–µ–∫—Ç–æ—Ä–æ–≤}
You may provide a definition with
\DeclareUnicodeCharacter 


! Package inputenc Error: Unicode character —Ä (U+0440)
(inputenc)                not set up for use with LaTeX.

See the inputenc package documentation for explanation.
Type  H <return>  for immediate help.
 ...                                              
                                                  
l.1 \section{–ú–µ—Ç–æ–¥ –æ–ø–æ—Ä
                                –Ω—ã—Ö –≤–µ–∫—Ç–æ—Ä–æ–≤}
You may provide a definition with
\DeclareUnicodeCharacter 


! Package inputenc Error: Unicode character –Ω (U+043D)
(inputenc)                not set up for use with LaTeX.

See the inputenc package documentation for explanation.
Type  H <return>  for immediate help.
 ...                                              
                                                  
l.1 \section{–ú–µ—Ç–æ–¥ –æ–ø–æ—Ä–Ω
                                  —ã—Ö –≤–µ–∫—Ç–æ—Ä–æ–≤}
You may provide a definition with
\DeclareUnicodeCharacter 


! Package inputenc Error: Unicode character —ã (U+044B)
(inputenc)                not set up for use with LaTeX.

See the inputenc package documentation for explanation.
Type  H <return>  for immediate help.
 ...                                              
                                                  
l.1 \section{–ú–µ—Ç–æ–¥ –æ–ø–æ—Ä–Ω—ã
                                    —Ö –≤–µ–∫—Ç–æ—Ä–æ–≤}
You may provide a definition with
\DeclareUnicodeCharacter 


! Package inputenc Error: Unicode character —Ö (U+0445)
(inputenc)                not set up for use with LaTeX.

See the inputenc package documentation for explanation.
Type  H <return>  for immediate help.
 ...                                              
                                                  
l.1 \section{–ú–µ—Ç–æ–¥ –æ–ø–æ—Ä–Ω—ã—Ö
                                       –≤–µ–∫—Ç–æ—Ä–æ–≤}
You may provide a definition with
\DeclareUnicodeCharacter 


! Package inputenc Error: Unicode character –≤ (U+0432)
(inputenc)                not set up for use with LaTeX.

See the inputenc package documentation for explanation.
Type  H <return>  for immediate help.
 ...                                              
                                                  
l.1 \section{–ú–µ—Ç–æ–¥ –æ–ø–æ—Ä–Ω—ã—Ö –≤
                                         –µ–∫—Ç–æ—Ä–æ–≤}
You may provide a definition with
\DeclareUnicodeCharacter 


! Package inputenc Error: Unicode character –µ (U+0435)
(inputenc)                not set up for use with LaTeX.

See the inputenc package documentation for explanation.
Type  H <return>  for immediate help.
 ...                                              
                                                  
l.1 \section{–ú–µ—Ç–æ–¥ –æ–ø–æ—Ä–Ω—ã—Ö –≤–µ
                                           –∫—Ç–æ—Ä–æ–≤}
You may provide a definition with
\DeclareUnicodeCharacter 


! Package inputenc Error: Unicode character –∫ (U+043A)
(inputenc)                not set up for use with LaTeX.

See the inputenc package documentation for explanation.
Type  H <return>  for immediate help.
 ...                                              
                                                  
l.1 \section{–ú–µ—Ç–æ–¥ –æ–ø–æ—Ä–Ω—ã—Ö –≤–µ–∫
                                             —Ç–æ—Ä–æ–≤}
You may provide a definition with
\DeclareUnicodeCharacter 


! Package inputenc Error: Unicode character —Ç (U+0442)
(inputenc)                not set up for use with LaTeX.

See the inputenc package documentation for explanation.
Type  H <return>  for immediate help.
 ...                                              
                                                  
l.1 \section{–ú–µ—Ç–æ–¥ –æ–ø–æ—Ä–Ω—ã—Ö –≤–µ–∫—Ç
                                               –æ—Ä–æ–≤}
You may provide a definition with
\DeclareUnicodeCharacter 


! Package inputenc Error: Unicode character –æ (U+043E)
(inputenc)                not set up for use with LaTeX.

See the inputenc package documentation for explanation.
Type  H <return>  for immediate help.
 ...                                              
                                                  
l.1 \section{–ú–µ—Ç–æ–¥ –æ–ø–æ—Ä–Ω—ã—Ö –≤–µ–∫—Ç–æ
                                                 —Ä–æ–≤}
You may provide a definition with
\DeclareUnicodeCharacter 


! Package inputenc Error: Unicode character —Ä (U+0440)
(inputenc)                not set up for use with LaTeX.

See the inputenc package documentation for explanation.
Type  H <return>  for immediate help.
 ...                                              
                                                  
l.1 ...tion{–ú–µ—Ç–æ–¥ –æ–ø–æ—Ä–Ω—ã—Ö –≤–µ–∫—Ç–æ—Ä
                                                  –æ–≤}
You may provide a definition with
\DeclareUnicodeCharacter 


! Package inputenc Error: Unicode character –æ (U+043E)
(inputenc)                not set up for use with LaTeX.

See the inputenc package documentation for explanation.
Type  H <return>  for immediate help.
 ...                                              
                                                  
l.1 ...on{–ú–µ—Ç–æ–¥ –æ–ø–æ—Ä–Ω—ã—Ö –≤–µ–∫—Ç–æ—Ä–æ
                                                  –≤}
You may provide a definition with
\DeclareUnicodeCharacter 


! Package inputenc Error: Unicode character –≤ (U+0432)
(inputenc)                not set up for use with LaTeX.

See the inputenc package documentation for explanation.
Type  H <return>  for immediate help.
 ...                                              
                                                  
l.1 ...{–ú–µ—Ç–æ–¥ –æ–ø–æ—Ä–Ω—ã—Ö –≤–µ–∫—Ç–æ—Ä–æ–≤
                                                  }
You may provide a definition with
\DeclareUnicodeCharacter 


! Package inputenc Error: Unicode character –ú (U+041C)
(inputenc)                not set up for use with LaTeX.

See the inputenc package documentation for explanation.
Type  H <return>  for immediate help.
 ...                                              
                                                  
l.2 –ú
      –µ—Ç–æ–¥ –æ–ø–æ—Ä–Ω—ã—Ö –≤–µ–∫—Ç–æ—Ä–æ–≤ -- —Ç–∞–∫–∂–µ –æ—á–µ–Ω—å –ø–æ...

You may provide a definition with
\DeclareUnicodeCharacter 


! Package inputenc Error: Unicode character –µ (U+0435)
(inputenc)                not set up for use with LaTeX.

See the inputenc package documentation for explanation.
Type  H <return>  for immediate help.
 ...                                              
                                                  
l.2 –ú–µ
        —Ç–æ–¥ –æ–ø–æ—Ä–Ω—ã—Ö –≤–µ–∫—Ç–æ—Ä–æ–≤ -- —Ç–∞–∫–∂–µ –æ—á–µ–Ω—å –ø–æ...

You may provide a definition with
\DeclareUnicodeCharacter 


! Package inputenc Error: Unicode character —Ç (U+0442)
(inputenc)                not set up for use with LaTeX.

See the inputenc package documentation for explanation.
Type  H <return>  for immediate help.
 ...                                              
                                                  
l.2 –ú–µ—Ç
          –æ–¥ –æ–ø–æ—Ä–Ω—ã—Ö –≤–µ–∫—Ç–æ—Ä–æ–≤ -- —Ç–∞–∫–∂–µ –æ—á–µ–Ω—å –ø–æ...

You may provide a definition with
\DeclareUnicodeCharacter 


! Package inputenc Error: Unicode character –æ (U+043E)
(inputenc)                not set up for use with LaTeX.

See the inputenc package documentation for explanation.
Type  H <return>  for immediate help.
 ...                                              
                                                  
l.2 –ú–µ—Ç–æ
            –¥ –æ–ø–æ—Ä–Ω—ã—Ö –≤–µ–∫—Ç–æ—Ä–æ–≤ -- —Ç–∞–∫–∂–µ –æ—á–µ–Ω—å –ø–æ...

You may provide a definition with
\DeclareUnicodeCharacter 


! Package inputenc Error: Unicode character –¥ (U+0434)
(inputenc)                not set up for use with LaTeX.

See the inputenc package documentation for explanation.
Type  H <return>  for immediate help.
 ...                                              
                                                  
l.2 –ú–µ—Ç–æ–¥
               –æ–ø–æ—Ä–Ω—ã—Ö –≤–µ–∫—Ç–æ—Ä–æ–≤ -- —Ç–∞–∫–∂–µ –æ—á–µ–Ω—å –ø–æ...

You may provide a definition with
\DeclareUnicodeCharacter 


! Package inputenc Error: Unicode character –æ (U+043E)
(inputenc)                not set up for use with LaTeX.

See the inputenc package documentation for explanation.
Type  H <return>  for immediate help.
 ...                                              
                                                  
l.2 –ú–µ—Ç–æ–¥ –æ
                 –ø–æ—Ä–Ω—ã—Ö –≤–µ–∫—Ç–æ—Ä–æ–≤ -- —Ç–∞–∫–∂–µ –æ—á–µ–Ω—å –ø–æ...

You may provide a definition with
\DeclareUnicodeCharacter 


! Package inputenc Error: Unicode character –ø (U+043F)
(inputenc)                not set up for use with LaTeX.

See the inputenc package documentation for explanation.
Type  H <return>  for immediate help.
 ...                                              
                                                  
l.2 –ú–µ—Ç–æ–¥ –æ–ø
                   –æ—Ä–Ω—ã—Ö –≤–µ–∫—Ç–æ—Ä–æ–≤ -- —Ç–∞–∫–∂–µ –æ—á–µ–Ω—å –ø–æ...

You may provide a definition with
\DeclareUnicodeCharacter 


! Package inputenc Error: Unicode character –æ (U+043E)
(inputenc)                not set up for use with LaTeX.

See the inputenc package documentation for explanation.
Type  H <return>  for immediate help.
 ...                                              
                                                  
l.2 –ú–µ—Ç–æ–¥ –æ–ø–æ
                     —Ä–Ω—ã—Ö –≤–µ–∫—Ç–æ—Ä–æ–≤ -- —Ç–∞–∫–∂–µ –æ—á–µ–Ω—å –ø–æ...

You may provide a definition with
\DeclareUnicodeCharacter 


! Package inputenc Error: Unicode character —Ä (U+0440)
(inputenc)                not set up for use with LaTeX.

See the inputenc package documentation for explanation.
Type  H <return>  for immediate help.
 ...                                              
                                                  
l.2 –ú–µ—Ç–æ–¥ –æ–ø–æ—Ä
                       –Ω—ã—Ö –≤–µ–∫—Ç–æ—Ä–æ–≤ -- —Ç–∞–∫–∂–µ –æ—á–µ–Ω—å –ø–æ...

You may provide a definition with
\DeclareUnicodeCharacter 


! Package inputenc Error: Unicode character –Ω (U+043D)
(inputenc)                not set up for use with LaTeX.

See the inputenc package documentation for explanation.
Type  H <return>  for immediate help.
 ...                                              
                                                  
l.2 –ú–µ—Ç–æ–¥ –æ–ø–æ—Ä–Ω
                         —ã—Ö –≤–µ–∫—Ç–æ—Ä–æ–≤ -- —Ç–∞–∫–∂–µ –æ—á–µ–Ω—å –ø–æ...

You may provide a definition with
\DeclareUnicodeCharacter 


! Package inputenc Error: Unicode character —ã (U+044B)
(inputenc)                not set up for use with LaTeX.

See the inputenc package documentation for explanation.
Type  H <return>  for immediate help.
 ...                                              
                                                  
l.2 –ú–µ—Ç–æ–¥ –æ–ø–æ—Ä–Ω—ã
                           —Ö –≤–µ–∫—Ç–æ—Ä–æ–≤ -- —Ç–∞–∫–∂–µ –æ—á–µ–Ω—å –ø–æ...

You may provide a definition with
\DeclareUnicodeCharacter 


! Package inputenc Error: Unicode character —Ö (U+0445)
(inputenc)                not set up for use with LaTeX.

See the inputenc package documentation for explanation.
Type  H <return>  for immediate help.
 ...                                              
                                                  
l.2 –ú–µ—Ç–æ–¥ –æ–ø–æ—Ä–Ω—ã—Ö
                              –≤–µ–∫—Ç–æ—Ä–æ–≤ -- —Ç–∞–∫–∂–µ –æ—á–µ–Ω—å –ø–æ...

You may provide a definition with
\DeclareUnicodeCharacter 


! Package inputenc Error: Unicode character –≤ (U+0432)
(inputenc)                not set up for use with LaTeX.

See the inputenc package documentation for explanation.
Type  H <return>  for immediate help.
 ...                                              
                                                  
l.2 –ú–µ—Ç–æ–¥ –æ–ø–æ—Ä–Ω—ã—Ö –≤
                                –µ–∫—Ç–æ—Ä–æ–≤ -- —Ç–∞–∫–∂–µ –æ—á–µ–Ω—å –ø–æ...

You may provide a definition with
\DeclareUnicodeCharacter 


! Package inputenc Error: Unicode character –µ (U+0435)
(inputenc)                not set up for use with LaTeX.

See the inputenc package documentation for explanation.
Type  H <return>  for immediate help.
 ...                                              
                                                  
l.2 –ú–µ—Ç–æ–¥ –æ–ø–æ—Ä–Ω—ã—Ö –≤–µ
                                  –∫—Ç–æ—Ä–æ–≤ -- —Ç–∞–∫–∂–µ –æ—á–µ–Ω—å –ø–æ...

You may provide a definition with
\DeclareUnicodeCharacter 


! Package inputenc Error: Unicode character –∫ (U+043A)
(inputenc)                not set up for use with LaTeX.

See the inputenc package documentation for explanation.
Type  H <return>  for immediate help.
 ...                                              
                                                  
l.2 –ú–µ—Ç–æ–¥ –æ–ø–æ—Ä–Ω—ã—Ö –≤–µ–∫
                                    —Ç–æ—Ä–æ–≤ -- —Ç–∞–∫–∂–µ –æ—á–µ–Ω—å –ø–æ...

You may provide a definition with
\DeclareUnicodeCharacter 


! Package inputenc Error: Unicode character —Ç (U+0442)
(inputenc)                not set up for use with LaTeX.

See the inputenc package documentation for explanation.
Type  H <return>  for immediate help.
 ...                                              
                                                  
l.2 –ú–µ—Ç–æ–¥ –æ–ø–æ—Ä–Ω—ã—Ö –≤–µ–∫—Ç
                                      –æ—Ä–æ–≤ -- —Ç–∞–∫–∂–µ –æ—á–µ–Ω—å –ø–æ...

You may provide a definition with
\DeclareUnicodeCharacter 


! Package inputenc Error: Unicode character –æ (U+043E)
(inputenc)                not set up for use with LaTeX.

See the inputenc package documentation for explanation.
Type  H <return>  for immediate help.
 ...                                              
                                                  
l.2 –ú–µ—Ç–æ–¥ –æ–ø–æ—Ä–Ω—ã—Ö –≤–µ–∫—Ç–æ
                                        —Ä–æ–≤ -- —Ç–∞–∫–∂–µ –æ—á–µ–Ω—å –ø–æ...

You may provide a definition with
\DeclareUnicodeCharacter 


! Package inputenc Error: Unicode character —Ä (U+0440)
(inputenc)                not set up for use with LaTeX.

See the inputenc package documentation for explanation.
Type  H <return>  for immediate help.
 ...                                              
                                                  
l.2 –ú–µ—Ç–æ–¥ –æ–ø–æ—Ä–Ω—ã—Ö –≤–µ–∫—Ç–æ—Ä
                                          –æ–≤ -- —Ç–∞–∫–∂–µ –æ—á–µ–Ω—å –ø–æ...

You may provide a definition with
\DeclareUnicodeCharacter 


! Package inputenc Error: Unicode character –æ (U+043E)
(inputenc)                not set up for use with LaTeX.

See the inputenc package documentation for explanation.
Type  H <return>  for immediate help.
 ...                                              
                                                  
l.2 –ú–µ—Ç–æ–¥ –æ–ø–æ—Ä–Ω—ã—Ö –≤–µ–∫—Ç–æ—Ä–æ
                                            –≤ -- —Ç–∞–∫–∂–µ –æ—á–µ–Ω—å –ø–æ...

You may provide a definition with
\DeclareUnicodeCharacter 


! Package inputenc Error: Unicode character –≤ (U+0432)
(inputenc)                not set up for use with LaTeX.

See the inputenc package documentation for explanation.
Type  H <return>  for immediate help.
 ...                                              
                                                  
l.2 –ú–µ—Ç–æ–¥ –æ–ø–æ—Ä–Ω—ã—Ö –≤–µ–∫—Ç–æ—Ä–æ–≤
                                               -- —Ç–∞–∫–∂–µ –æ—á–µ–Ω—å –ø–æ...

You may provide a definition with
\DeclareUnicodeCharacter 


! LaTeX Error: Missing \begin{document}.

See the LaTeX manual or LaTeX Companion for explanation.
Type  H <return>  for immediate help.
 ...                                              
                                                  
l.2 –ú–µ—Ç–æ–¥ –æ–ø–æ—Ä–Ω—ã—Ö –≤–µ–∫—Ç–æ—Ä–æ–≤ -
                                                - —Ç–∞–∫–∂–µ –æ—á–µ–Ω—å –ø–æ...

You're in trouble here.  Try typing  <return>  to proceed.
If that doesn't work, type  X <return>  to quit.

Missing character: There is no - in font nullfont!
Missing character: There is no - in font nullfont!

! Package inputenc Error: Unicode character —Ç (U+0442)
(inputenc)                not set up for use with LaTeX.

See the inputenc package documentation for explanation.
Type  H <return>  for immediate help.
 ...                                              
                                                  
l.2 ...Ç–æ–¥ –æ–ø–æ—Ä–Ω—ã—Ö –≤–µ–∫—Ç–æ—Ä–æ–≤ -- —Ç
                                                  –∞–∫–∂–µ –æ—á–µ–Ω—å –ø–æ–ø...

You may provide a definition with
\DeclareUnicodeCharacter 


! Package inputenc Error: Unicode character –∞ (U+0430)
(inputenc)                not set up for use with LaTeX.

See the inputenc package documentation for explanation.
Type  H <return>  for immediate help.
 ...                                              
                                                  
l.2 ...æ–¥ –æ–ø–æ—Ä–Ω—ã—Ö –≤–µ–∫—Ç–æ—Ä–æ–≤ -- —Ç–∞
                                                  –∫–∂–µ –æ—á–µ–Ω—å –ø–æ–ø—É...

You may provide a definition with
\DeclareUnicodeCharacter 


! Package inputenc Error: Unicode character –∫ (U+043A)
(inputenc)                not set up for use with LaTeX.

See the inputenc package documentation for explanation.
Type  H <return>  for immediate help.
 ...                                              
                                                  
l.2 ...¥ –æ–ø–æ—Ä–Ω—ã—Ö –≤–µ–∫—Ç–æ—Ä–æ–≤ -- —Ç–∞–∫
                                                  –∂–µ –æ—á–µ–Ω—å –ø–æ–ø—É–ª...

You may provide a definition with
\DeclareUnicodeCharacter 


! Package inputenc Error: Unicode character –∂ (U+0436)
(inputenc)                not set up for use with LaTeX.

See the inputenc package documentation for explanation.
Type  H <return>  for immediate help.
 ...                                              
                                                  
l.2 ...–æ–ø–æ—Ä–Ω—ã—Ö –≤–µ–∫—Ç–æ—Ä–æ–≤ -- —Ç–∞–∫–∂
                                                  –µ –æ—á–µ–Ω—å –ø–æ–ø—É–ª—è...

You may provide a definition with
\DeclareUnicodeCharacter 


! Package inputenc Error: Unicode character –µ (U+0435)
(inputenc)                not set up for use with LaTeX.

See the inputenc package documentation for explanation.
Type  H <return>  for immediate help.
 ...                                              
                                                  
l.2 ...–ø–æ—Ä–Ω—ã—Ö –≤–µ–∫—Ç–æ—Ä–æ–≤ -- —Ç–∞–∫–∂–µ
                                                   –æ—á–µ–Ω—å –ø–æ–ø—É–ª—è—Ä...

You may provide a definition with
\DeclareUnicodeCharacter 


! Package inputenc Error: Unicode character –æ (U+043E)
(inputenc)                not set up for use with LaTeX.

See the inputenc package documentation for explanation.
Type  H <return>  for immediate help.
 ...                                              
                                                  
l.2 ...æ—Ä–Ω—ã—Ö –≤–µ–∫—Ç–æ—Ä–æ–≤ -- —Ç–∞–∫–∂–µ –æ
                                                  —á–µ–Ω—å –ø–æ–ø—É–ª—è—Ä–Ω—...

You may provide a definition with
\DeclareUnicodeCharacter 


! Package inputenc Error: Unicode character —á (U+0447)
(inputenc)                not set up for use with LaTeX.

See the inputenc package documentation for explanation.
Type  H <return>  for immediate help.
 ...                                              
                                                  
l.2 ...Ä–Ω—ã—Ö –≤–µ–∫—Ç–æ—Ä–æ–≤ -- —Ç–∞–∫–∂–µ –æ—á
                                                  –µ–Ω—å –ø–æ–ø—É–ª—è—Ä–Ω—ã–...

You may provide a definition with
\DeclareUnicodeCharacter 


! Package inputenc Error: Unicode character –µ (U+0435)
(inputenc)                not set up for use with LaTeX.

See the inputenc package documentation for explanation.
Type  H <return>  for immediate help.
 ...                                              
                                                  
l.2 ...Ω—ã—Ö –≤–µ–∫—Ç–æ—Ä–æ–≤ -- —Ç–∞–∫–∂–µ –æ—á–µ
                                                  –Ω—å –ø–æ–ø—É–ª—è—Ä–Ω—ã–π ...

You may provide a definition with
\DeclareUnicodeCharacter 


! Package inputenc Error: Unicode character –Ω (U+043D)
(inputenc)                not set up for use with LaTeX.

See the inputenc package documentation for explanation.
Type  H <return>  for immediate help.
 ...                                              
                                                  
l.2 ...ã—Ö –≤–µ–∫—Ç–æ—Ä–æ–≤ -- —Ç–∞–∫–∂–µ –æ—á–µ–Ω
                                                  —å –ø–æ–ø—É–ª—è—Ä–Ω—ã–π –º...

You may provide a definition with
\DeclareUnicodeCharacter 


! Package inputenc Error: Unicode character —å (U+044C)
(inputenc)                not set up for use with LaTeX.

See the inputenc package documentation for explanation.
Type  H <return>  for immediate help.
 ...                                              
                                                  
l.2 ...Ö –≤–µ–∫—Ç–æ—Ä–æ–≤ -- —Ç–∞–∫–∂–µ –æ—á–µ–Ω—å
                                                   –ø–æ–ø—É–ª—è—Ä–Ω—ã–π –º–µ...

You may provide a definition with
\DeclareUnicodeCharacter 


! Package inputenc Error: Unicode character –ø (U+043F)
(inputenc)                not set up for use with LaTeX.

See the inputenc package documentation for explanation.
Type  H <return>  for immediate help.
 ...                                              
                                                  
l.2 ...≤–µ–∫—Ç–æ—Ä–æ–≤ -- —Ç–∞–∫–∂–µ –æ—á–µ–Ω—å –ø
                                                  –æ–ø—É–ª—è—Ä–Ω—ã–π –º–µ—Ç–...

You may provide a definition with
\DeclareUnicodeCharacter 


! Package inputenc Error: Unicode character –æ (U+043E)
(inputenc)                not set up for use with LaTeX.

See the inputenc package documentation for explanation.
Type  H <return>  for immediate help.
 ...                                              
                                                  
l.2 ...µ–∫—Ç–æ—Ä–æ–≤ -- —Ç–∞–∫–∂–µ –æ—á–µ–Ω—å –ø–æ
                                                  –ø—É–ª—è—Ä–Ω—ã–π –º–µ—Ç–æ–...

You may provide a definition with
\DeclareUnicodeCharacter 


! Package inputenc Error: Unicode character –ø (U+043F)
(inputenc)                not set up for use with LaTeX.

See the inputenc package documentation for explanation.
Type  H <return>  for immediate help.
 ...                                              
                                                  
l.2 ...∫—Ç–æ—Ä–æ–≤ -- —Ç–∞–∫–∂–µ –æ—á–µ–Ω—å –ø–æ–ø
                                                  —É–ª—è—Ä–Ω—ã–π –º–µ—Ç–æ–¥ ...

You may provide a definition with
\DeclareUnicodeCharacter 


! Package inputenc Error: Unicode character —É (U+0443)
(inputenc)                not set up for use with LaTeX.

See the inputenc package documentation for explanation.
Type  H <return>  for immediate help.
 ...                                              
                                                  
l.2 ...Ç–æ—Ä–æ–≤ -- —Ç–∞–∫–∂–µ –æ—á–µ–Ω—å –ø–æ–ø—É
                                                  –ª—è—Ä–Ω—ã–π –º–µ—Ç–æ–¥ –º...

You may provide a definition with
\DeclareUnicodeCharacter 


! Package inputenc Error: Unicode character –ª (U+043B)
(inputenc)                not set up for use with LaTeX.

See the inputenc package documentation for explanation.
Type  H <return>  for immediate help.
 ...                                              
                                                  
l.2 ...æ—Ä–æ–≤ -- —Ç–∞–∫–∂–µ –æ—á–µ–Ω—å –ø–æ–ø—É–ª
                                                  —è—Ä–Ω—ã–π –º–µ—Ç–æ–¥ –º–∞...

You may provide a definition with
\DeclareUnicodeCharacter 


! Package inputenc Error: Unicode character —è (U+044F)
(inputenc)                not set up for use with LaTeX.

See the inputenc package documentation for explanation.
Type  H <return>  for immediate help.
 ...                                              
                                                  
l.2 ...Ä–æ–≤ -- —Ç–∞–∫–∂–µ –æ—á–µ–Ω—å –ø–æ–ø—É–ª—è
                                                  —Ä–Ω—ã–π –º–µ—Ç–æ–¥ –º–∞—à...

You may provide a definition with
\DeclareUnicodeCharacter 


! Package inputenc Error: Unicode character —Ä (U+0440)
(inputenc)                not set up for use with LaTeX.

See the inputenc package documentation for explanation.
Type  H <return>  for immediate help.
 ...                                              
                                                  
l.2 ...æ–≤ -- —Ç–∞–∫–∂–µ –æ—á–µ–Ω—å –ø–æ–ø—É–ª—è—Ä
                                                  –Ω—ã–π –º–µ—Ç–æ–¥ –º–∞—à–∏...

You may provide a definition with
\DeclareUnicodeCharacter 


! Package inputenc Error: Unicode character –Ω (U+043D)
(inputenc)                not set up for use with LaTeX.

See the inputenc package documentation for explanation.
Type  H <return>  for immediate help.
 ...                                              
                                                  
l.2 ...≤ -- —Ç–∞–∫–∂–µ –æ—á–µ–Ω—å –ø–æ–ø—É–ª—è—Ä–Ω
                                                  —ã–π –º–µ—Ç–æ–¥ –º–∞—à–∏–Ω...

You may provide a definition with
\DeclareUnicodeCharacter 


! Package inputenc Error: Unicode character —ã (U+044B)
(inputenc)                not set up for use with LaTeX.

See the inputenc package documentation for explanation.
Type  H <return>  for immediate help.
 ...                                              
                                                  
l.2 ...-- —Ç–∞–∫–∂–µ –æ—á–µ–Ω—å –ø–æ–ø—É–ª—è—Ä–Ω—ã
                                                  –π –º–µ—Ç–æ–¥ –º–∞—à–∏–Ω–Ω...

You may provide a definition with
\DeclareUnicodeCharacter 


! Package inputenc Error: Unicode character –π (U+0439)
(inputenc)                not set up for use with LaTeX.

See the inputenc package documentation for explanation.
Type  H <return>  for immediate help.
 ...                                              
                                                  
l.2 ... —Ç–∞–∫–∂–µ –æ—á–µ–Ω—å –ø–æ–ø—É–ª—è—Ä–Ω—ã–π
                                                   –º–µ—Ç–æ–¥ –º–∞—à–∏–Ω–Ω–æ...

You may provide a definition with
\DeclareUnicodeCharacter 


! Package inputenc Error: Unicode character –º (U+043C)
(inputenc)                not set up for use with LaTeX.

See the inputenc package documentation for explanation.
Type  H <return>  for immediate help.
 ...                                              
                                                  
l.2 ...–∞–∫–∂–µ –æ—á–µ–Ω—å –ø–æ–ø—É–ª—è—Ä–Ω—ã–π –º
                                                  –µ—Ç–æ–¥ –º–∞—à–∏–Ω–Ω–æ–≥–...

You may provide a definition with
\DeclareUnicodeCharacter 


! Package inputenc Error: Unicode character –µ (U+0435)
(inputenc)                not set up for use with LaTeX.

See the inputenc package documentation for explanation.
Type  H <return>  for immediate help.
 ...                                              
                                                  
l.2 ...–∫–∂–µ –æ—á–µ–Ω—å –ø–æ–ø—É–ª—è—Ä–Ω—ã–π –º–µ
                                                  —Ç–æ–¥ –º–∞—à–∏–Ω–Ω–æ–≥–æ ...

You may provide a definition with
\DeclareUnicodeCharacter 


! Package inputenc Error: Unicode character —Ç (U+0442)
(inputenc)                not set up for use with LaTeX.

See the inputenc package documentation for explanation.
Type  H <return>  for immediate help.
 ...                                              
                                                  
l.2 ...–∂–µ –æ—á–µ–Ω—å –ø–æ–ø—É–ª—è—Ä–Ω—ã–π –º–µ—Ç
                                                  –æ–¥ –º–∞—à–∏–Ω–Ω–æ–≥–æ –æ...

You may provide a definition with
\DeclareUnicodeCharacter 


! Package inputenc Error: Unicode character –æ (U+043E)
(inputenc)                not set up for use with LaTeX.

See the inputenc package documentation for explanation.
Type  H <return>  for immediate help.
 ...                                              
                                                  
l.2 ...–µ –æ—á–µ–Ω—å –ø–æ–ø—É–ª—è—Ä–Ω—ã–π –º–µ—Ç–æ
                                                  –¥ –º–∞—à–∏–Ω–Ω–æ–≥–æ –æ–±...

You may provide a definition with
\DeclareUnicodeCharacter 


! Package inputenc Error: Unicode character –¥ (U+0434)
(inputenc)                not set up for use with LaTeX.

See the inputenc package documentation for explanation.
Type  H <return>  for immediate help.
 ...                                              
                                                  
l.2 ... –æ—á–µ–Ω—å –ø–æ–ø—É–ª—è—Ä–Ω—ã–π –º–µ—Ç–æ–¥
                                                   –º–∞—à–∏–Ω–Ω–æ–≥–æ –æ–±—É...

You may provide a definition with
\DeclareUnicodeCharacter 


! Package inputenc Error: Unicode character –º (U+043C)
(inputenc)                not set up for use with LaTeX.

See the inputenc package documentation for explanation.
Type  H <return>  for immediate help.
 ...                                              
                                                  
l.2 ...—á–µ–Ω—å –ø–æ–ø—É–ª—è—Ä–Ω—ã–π –º–µ—Ç–æ–¥ –º
                                                  –∞—à–∏–Ω–Ω–æ–≥–æ –æ–±—É—á–...

You may provide a definition with
\DeclareUnicodeCharacter 


! Package inputenc Error: Unicode character –∞ (U+0430)
(inputenc)                not set up for use with LaTeX.

See the inputenc package documentation for explanation.
Type  H <return>  for immediate help.
 ...                                              
                                                  
l.2 ...–µ–Ω—å –ø–æ–ø—É–ª—è—Ä–Ω—ã–π –º–µ—Ç–æ–¥ –º–∞
                                                  —à–∏–Ω–Ω–æ–≥–æ –æ–±—É—á–µ–...

You may provide a definition with
\DeclareUnicodeCharacter 


! Package inputenc Error: Unicode character —à (U+0448)
(inputenc)                not set up for use with LaTeX.

See the inputenc package documentation for explanation.
Type  H <return>  for immediate help.
 ...                                              
                                                  
l.2 ...–Ω—å –ø–æ–ø—É–ª—è—Ä–Ω—ã–π –º–µ—Ç–æ–¥ –º–∞—à
                                                  –∏–Ω–Ω–æ–≥–æ –æ–±—É—á–µ–Ω–...

You may provide a definition with
\DeclareUnicodeCharacter 


! Package inputenc Error: Unicode character –∏ (U+0438)
(inputenc)                not set up for use with LaTeX.

See the inputenc package documentation for explanation.
Type  H <return>  for immediate help.
 ...                                              
                                                  
l.2 ...—å –ø–æ–ø—É–ª—è—Ä–Ω—ã–π –º–µ—Ç–æ–¥ –º–∞—à–∏
                                                  –Ω–Ω–æ–≥–æ –æ–±—É—á–µ–Ω–∏—...

You may provide a definition with
\DeclareUnicodeCharacter 


! Package inputenc Error: Unicode character –Ω (U+043D)
(inputenc)                not set up for use with LaTeX.

See the inputenc package documentation for explanation.
Type  H <return>  for immediate help.
 ...                                              
                                                  
l.2 ... –ø–æ–ø—É–ª—è—Ä–Ω—ã–π –º–µ—Ç–æ–¥ –º–∞—à–∏–Ω
                                                  –Ω–æ–≥–æ –æ–±—É—á–µ–Ω–∏—è,...

You may provide a definition with
\DeclareUnicodeCharacter 


! Package inputenc Error: Unicode character –Ω (U+043D)
(inputenc)                not set up for use with LaTeX.

See the inputenc package documentation for explanation.
Type  H <return>  for immediate help.
 ...                                              
                                                  
l.2 ...ø–æ–ø—É–ª—è—Ä–Ω—ã–π –º–µ—Ç–æ–¥ –º–∞—à–∏–Ω–Ω
                                                  –æ–≥–æ –æ–±—É—á–µ–Ω–∏—è, –...

You may provide a definition with
\DeclareUnicodeCharacter 


! Package inputenc Error: Unicode character –æ (U+043E)
(inputenc)                not set up for use with LaTeX.

See the inputenc package documentation for explanation.
Type  H <return>  for immediate help.
 ...                                              
                                                  
l.2 ...æ–ø—É–ª—è—Ä–Ω—ã–π –º–µ—Ç–æ–¥ –º–∞—à–∏–Ω–Ω–æ
                                                  –≥–æ –æ–±—É—á–µ–Ω–∏—è, –¥–...
(That makes 100 errors; please try again.) 
Here is how much of TeX's memory you used:
 46 strings out of 481239
 722 string characters out of 5920377
 236563 words of memory out of 5000000
 15411 multiletter control sequences out of 15000+600000
 532338 words of font info for 24 fonts, out of 8000000 for 9000
 1141 hyphenation exceptions out of 8191
 13i,0n,15p,317b,32s stack positions out of 5000i,500n,10000p,200000b,80000s

!  ==> Fatal error occurred, no output PDF file produced!
