This is pdfTeX, Version 3.14159265-2.6-1.40.20 (TeX Live 2019/Debian) (preloaded format=pdflatex 2020.7.31)  27 MAY 2021 17:16
entering extended mode
 restricted \write18 enabled.
 %&-line parsing enabled.
**introduction.tex
(./introduction.tex
LaTeX2e <2020-02-02> patch level 2
L3 programming layer <2020-02-14>
! Undefined control sequence.
l.1 \chapter
            *{–í–≤–µ–¥–µ–Ω–∏–µ}
The control sequence at the end of the top line
of your error message was never \def'ed. If you have
misspelled it (e.g., `\hobx'), type `I' and the correct
spelling (e.g., `I\hbox'). Otherwise just continue,
and I'll forget about whatever was undefined.


! LaTeX Error: Missing \begin{document}.

See the LaTeX manual or LaTeX Companion for explanation.
Type  H <return>  for immediate help.
 ...                                              
                                                  
l.1 \chapter*
             {–í–≤–µ–¥–µ–Ω–∏–µ}
You're in trouble here.  Try typing  <return>  to proceed.
If that doesn't work, type  X <return>  to quit.

Missing character: There is no * in font nullfont!

! Package inputenc Error: Unicode character –í (U+0412)
(inputenc)                not set up for use with LaTeX.

See the inputenc package documentation for explanation.
Type  H <return>  for immediate help.
 ...                                              
                                                  
l.1 \chapter*{–í
                –≤–µ–¥–µ–Ω–∏–µ}
You may provide a definition with
\DeclareUnicodeCharacter 


! Package inputenc Error: Unicode character –≤ (U+0432)
(inputenc)                not set up for use with LaTeX.

See the inputenc package documentation for explanation.
Type  H <return>  for immediate help.
 ...                                              
                                                  
l.1 \chapter*{–í–≤
                  –µ–¥–µ–Ω–∏–µ}
You may provide a definition with
\DeclareUnicodeCharacter 


! Package inputenc Error: Unicode character –µ (U+0435)
(inputenc)                not set up for use with LaTeX.

See the inputenc package documentation for explanation.
Type  H <return>  for immediate help.
 ...                                              
                                                  
l.1 \chapter*{–í–≤–µ
                    –¥–µ–Ω–∏–µ}
You may provide a definition with
\DeclareUnicodeCharacter 


! Package inputenc Error: Unicode character –¥ (U+0434)
(inputenc)                not set up for use with LaTeX.

See the inputenc package documentation for explanation.
Type  H <return>  for immediate help.
 ...                                              
                                                  
l.1 \chapter*{–í–≤–µ–¥
                      –µ–Ω–∏–µ}
You may provide a definition with
\DeclareUnicodeCharacter 


! Package inputenc Error: Unicode character –µ (U+0435)
(inputenc)                not set up for use with LaTeX.

See the inputenc package documentation for explanation.
Type  H <return>  for immediate help.
 ...                                              
                                                  
l.1 \chapter*{–í–≤–µ–¥–µ
                        –Ω–∏–µ}
You may provide a definition with
\DeclareUnicodeCharacter 


! Package inputenc Error: Unicode character –Ω (U+043D)
(inputenc)                not set up for use with LaTeX.

See the inputenc package documentation for explanation.
Type  H <return>  for immediate help.
 ...                                              
                                                  
l.1 \chapter*{–í–≤–µ–¥–µ–Ω
                          –∏–µ}
You may provide a definition with
\DeclareUnicodeCharacter 


! Package inputenc Error: Unicode character –∏ (U+0438)
(inputenc)                not set up for use with LaTeX.

See the inputenc package documentation for explanation.
Type  H <return>  for immediate help.
 ...                                              
                                                  
l.1 \chapter*{–í–≤–µ–¥–µ–Ω–∏
                            –µ}
You may provide a definition with
\DeclareUnicodeCharacter 


! Package inputenc Error: Unicode character –µ (U+0435)
(inputenc)                not set up for use with LaTeX.

See the inputenc package documentation for explanation.
Type  H <return>  for immediate help.
 ...                                              
                                                  
l.1 \chapter*{–í–≤–µ–¥–µ–Ω–∏–µ
                              }
You may provide a definition with
\DeclareUnicodeCharacter 


Overfull \hbox (20.0pt too wide) in paragraph at lines 1--3
[]
 []


! Package inputenc Error: Unicode character –¢ (U+0422)
(inputenc)                not set up for use with LaTeX.

See the inputenc package documentation for explanation.
Type  H <return>  for immediate help.
 ...                                              
                                                  
l.4 –¢
      –æ–ø–æ–ª–æ–≥–∏—á–µ—Å–∫–∏–π –∞–Ω–∞–ª–∏–∑ –¥–∞–Ω–Ω—ã—Ö -- —ç—Ç–æ –Ω–æ–≤–...

You may provide a definition with
\DeclareUnicodeCharacter 


! Package inputenc Error: Unicode character –æ (U+043E)
(inputenc)                not set up for use with LaTeX.

See the inputenc package documentation for explanation.
Type  H <return>  for immediate help.
 ...                                              
                                                  
l.4 –¢–æ
        –ø–æ–ª–æ–≥–∏—á–µ—Å–∫–∏–π –∞–Ω–∞–ª–∏–∑ –¥–∞–Ω–Ω—ã—Ö -- —ç—Ç–æ –Ω–æ–≤–...

You may provide a definition with
\DeclareUnicodeCharacter 


! Package inputenc Error: Unicode character –ø (U+043F)
(inputenc)                not set up for use with LaTeX.

See the inputenc package documentation for explanation.
Type  H <return>  for immediate help.
 ...                                              
                                                  
l.4 –¢–æ–ø
          –æ–ª–æ–≥–∏—á–µ—Å–∫–∏–π –∞–Ω–∞–ª–∏–∑ –¥–∞–Ω–Ω—ã—Ö -- —ç—Ç–æ –Ω–æ–≤–...

You may provide a definition with
\DeclareUnicodeCharacter 


! Package inputenc Error: Unicode character –æ (U+043E)
(inputenc)                not set up for use with LaTeX.

See the inputenc package documentation for explanation.
Type  H <return>  for immediate help.
 ...                                              
                                                  
l.4 –¢–æ–ø–æ
            –ª–æ–≥–∏—á–µ—Å–∫–∏–π –∞–Ω–∞–ª–∏–∑ –¥–∞–Ω–Ω—ã—Ö -- —ç—Ç–æ –Ω–æ–≤–...

You may provide a definition with
\DeclareUnicodeCharacter 


! Package inputenc Error: Unicode character –ª (U+043B)
(inputenc)                not set up for use with LaTeX.

See the inputenc package documentation for explanation.
Type  H <return>  for immediate help.
 ...                                              
                                                  
l.4 –¢–æ–ø–æ–ª
              –æ–≥–∏—á–µ—Å–∫–∏–π –∞–Ω–∞–ª–∏–∑ –¥–∞–Ω–Ω—ã—Ö -- —ç—Ç–æ –Ω–æ–≤–...

You may provide a definition with
\DeclareUnicodeCharacter 


! Package inputenc Error: Unicode character –æ (U+043E)
(inputenc)                not set up for use with LaTeX.

See the inputenc package documentation for explanation.
Type  H <return>  for immediate help.
 ...                                              
                                                  
l.4 –¢–æ–ø–æ–ª–æ
                –≥–∏—á–µ—Å–∫–∏–π –∞–Ω–∞–ª–∏–∑ –¥–∞–Ω–Ω—ã—Ö -- —ç—Ç–æ –Ω–æ–≤–...

You may provide a definition with
\DeclareUnicodeCharacter 


! Package inputenc Error: Unicode character –≥ (U+0433)
(inputenc)                not set up for use with LaTeX.

See the inputenc package documentation for explanation.
Type  H <return>  for immediate help.
 ...                                              
                                                  
l.4 –¢–æ–ø–æ–ª–æ–≥
                  –∏—á–µ—Å–∫–∏–π –∞–Ω–∞–ª–∏–∑ –¥–∞–Ω–Ω—ã—Ö -- —ç—Ç–æ –Ω–æ–≤–...

You may provide a definition with
\DeclareUnicodeCharacter 


! Package inputenc Error: Unicode character –∏ (U+0438)
(inputenc)                not set up for use with LaTeX.

See the inputenc package documentation for explanation.
Type  H <return>  for immediate help.
 ...                                              
                                                  
l.4 –¢–æ–ø–æ–ª–æ–≥–∏
                    —á–µ—Å–∫–∏–π –∞–Ω–∞–ª–∏–∑ –¥–∞–Ω–Ω—ã—Ö -- —ç—Ç–æ –Ω–æ–≤–...

You may provide a definition with
\DeclareUnicodeCharacter 


! Package inputenc Error: Unicode character —á (U+0447)
(inputenc)                not set up for use with LaTeX.

See the inputenc package documentation for explanation.
Type  H <return>  for immediate help.
 ...                                              
                                                  
l.4 –¢–æ–ø–æ–ª–æ–≥–∏—á
                      –µ—Å–∫–∏–π –∞–Ω–∞–ª–∏–∑ –¥–∞–Ω–Ω—ã—Ö -- —ç—Ç–æ –Ω–æ–≤–...

You may provide a definition with
\DeclareUnicodeCharacter 


! Package inputenc Error: Unicode character –µ (U+0435)
(inputenc)                not set up for use with LaTeX.

See the inputenc package documentation for explanation.
Type  H <return>  for immediate help.
 ...                                              
                                                  
l.4 –¢–æ–ø–æ–ª–æ–≥–∏—á–µ
                        —Å–∫–∏–π –∞–Ω–∞–ª–∏–∑ –¥–∞–Ω–Ω—ã—Ö -- —ç—Ç–æ –Ω–æ–≤–...

You may provide a definition with
\DeclareUnicodeCharacter 


! Package inputenc Error: Unicode character —Å (U+0441)
(inputenc)                not set up for use with LaTeX.

See the inputenc package documentation for explanation.
Type  H <return>  for immediate help.
 ...                                              
                                                  
l.4 –¢–æ–ø–æ–ª–æ–≥–∏—á–µ—Å
                          –∫–∏–π –∞–Ω–∞–ª–∏–∑ –¥–∞–Ω–Ω—ã—Ö -- —ç—Ç–æ –Ω–æ–≤–...

You may provide a definition with
\DeclareUnicodeCharacter 


! Package inputenc Error: Unicode character –∫ (U+043A)
(inputenc)                not set up for use with LaTeX.

See the inputenc package documentation for explanation.
Type  H <return>  for immediate help.
 ...                                              
                                                  
l.4 –¢–æ–ø–æ–ª–æ–≥–∏—á–µ—Å–∫
                            –∏–π –∞–Ω–∞–ª–∏–∑ –¥–∞–Ω–Ω—ã—Ö -- —ç—Ç–æ –Ω–æ–≤–...

You may provide a definition with
\DeclareUnicodeCharacter 


! Package inputenc Error: Unicode character –∏ (U+0438)
(inputenc)                not set up for use with LaTeX.

See the inputenc package documentation for explanation.
Type  H <return>  for immediate help.
 ...                                              
                                                  
l.4 –¢–æ–ø–æ–ª–æ–≥–∏—á–µ—Å–∫–∏
                              –π –∞–Ω–∞–ª–∏–∑ –¥–∞–Ω–Ω—ã—Ö -- —ç—Ç–æ –Ω–æ–≤–...

You may provide a definition with
\DeclareUnicodeCharacter 


! Package inputenc Error: Unicode character –π (U+0439)
(inputenc)                not set up for use with LaTeX.

See the inputenc package documentation for explanation.
Type  H <return>  for immediate help.
 ...                                              
                                                  
l.4 –¢–æ–ø–æ–ª–æ–≥–∏—á–µ—Å–∫–∏–π
                                 –∞–Ω–∞–ª–∏–∑ –¥–∞–Ω–Ω—ã—Ö -- —ç—Ç–æ –Ω–æ–≤–...

You may provide a definition with
\DeclareUnicodeCharacter 


! Package inputenc Error: Unicode character –∞ (U+0430)
(inputenc)                not set up for use with LaTeX.

See the inputenc package documentation for explanation.
Type  H <return>  for immediate help.
 ...                                              
                                                  
l.4 –¢–æ–ø–æ–ª–æ–≥–∏—á–µ—Å–∫–∏–π –∞
                                   –Ω–∞–ª–∏–∑ –¥–∞–Ω–Ω—ã—Ö -- —ç—Ç–æ –Ω–æ–≤–...

You may provide a definition with
\DeclareUnicodeCharacter 


! Package inputenc Error: Unicode character –Ω (U+043D)
(inputenc)                not set up for use with LaTeX.

See the inputenc package documentation for explanation.
Type  H <return>  for immediate help.
 ...                                              
                                                  
l.4 –¢–æ–ø–æ–ª–æ–≥–∏—á–µ—Å–∫–∏–π –∞–Ω
                                     –∞–ª–∏–∑ –¥–∞–Ω–Ω—ã—Ö -- —ç—Ç–æ –Ω–æ–≤–...

You may provide a definition with
\DeclareUnicodeCharacter 


! Package inputenc Error: Unicode character –∞ (U+0430)
(inputenc)                not set up for use with LaTeX.

See the inputenc package documentation for explanation.
Type  H <return>  for immediate help.
 ...                                              
                                                  
l.4 –¢–æ–ø–æ–ª–æ–≥–∏—á–µ—Å–∫–∏–π –∞–Ω–∞
                                       –ª–∏–∑ –¥–∞–Ω–Ω—ã—Ö -- —ç—Ç–æ –Ω–æ–≤–...

You may provide a definition with
\DeclareUnicodeCharacter 


! Package inputenc Error: Unicode character –ª (U+043B)
(inputenc)                not set up for use with LaTeX.

See the inputenc package documentation for explanation.
Type  H <return>  for immediate help.
 ...                                              
                                                  
l.4 –¢–æ–ø–æ–ª–æ–≥–∏—á–µ—Å–∫–∏–π –∞–Ω–∞–ª
                                         –∏–∑ –¥–∞–Ω–Ω—ã—Ö -- —ç—Ç–æ –Ω–æ–≤–...

You may provide a definition with
\DeclareUnicodeCharacter 


! Package inputenc Error: Unicode character –∏ (U+0438)
(inputenc)                not set up for use with LaTeX.

See the inputenc package documentation for explanation.
Type  H <return>  for immediate help.
 ...                                              
                                                  
l.4 –¢–æ–ø–æ–ª–æ–≥–∏—á–µ—Å–∫–∏–π –∞–Ω–∞–ª–∏
                                           –∑ –¥–∞–Ω–Ω—ã—Ö -- —ç—Ç–æ –Ω–æ–≤–...

You may provide a definition with
\DeclareUnicodeCharacter 


! Package inputenc Error: Unicode character –∑ (U+0437)
(inputenc)                not set up for use with LaTeX.

See the inputenc package documentation for explanation.
Type  H <return>  for immediate help.
 ...                                              
                                                  
l.4 –¢–æ–ø–æ–ª–æ–≥–∏—á–µ—Å–∫–∏–π –∞–Ω–∞–ª–∏–∑
                                              –¥–∞–Ω–Ω—ã—Ö -- —ç—Ç–æ –Ω–æ–≤–...

You may provide a definition with
\DeclareUnicodeCharacter 


! Package inputenc Error: Unicode character –¥ (U+0434)
(inputenc)                not set up for use with LaTeX.

See the inputenc package documentation for explanation.
Type  H <return>  for immediate help.
 ...                                              
                                                  
l.4 –¢–æ–ø–æ–ª–æ–≥–∏—á–µ—Å–∫–∏–π –∞–Ω–∞–ª–∏–∑ –¥
                                                –∞–Ω–Ω—ã—Ö -- —ç—Ç–æ –Ω–æ–≤–...

You may provide a definition with
\DeclareUnicodeCharacter 


! Package inputenc Error: Unicode character –∞ (U+0430)
(inputenc)                not set up for use with LaTeX.

See the inputenc package documentation for explanation.
Type  H <return>  for immediate help.
 ...                                              
                                                  
l.4 –¢–æ–ø–æ–ª–æ–≥–∏—á–µ—Å–∫–∏–π –∞–Ω–∞–ª–∏–∑ –¥–∞
                                                  –Ω–Ω—ã—Ö -- —ç—Ç–æ –Ω–æ–≤–...

You may provide a definition with
\DeclareUnicodeCharacter 


! Package inputenc Error: Unicode character –Ω (U+043D)
(inputenc)                not set up for use with LaTeX.

See the inputenc package documentation for explanation.
Type  H <return>  for immediate help.
 ...                                              
                                                  
l.4 ...ø–æ–ª–æ–≥–∏—á–µ—Å–∫–∏–π –∞–Ω–∞–ª–∏–∑ –¥–∞–Ω
                                                  –Ω—ã—Ö -- —ç—Ç–æ –Ω–æ–≤–∞—...

You may provide a definition with
\DeclareUnicodeCharacter 


! Package inputenc Error: Unicode character –Ω (U+043D)
(inputenc)                not set up for use with LaTeX.

See the inputenc package documentation for explanation.
Type  H <return>  for immediate help.
 ...                                              
                                                  
l.4 ...æ–ª–æ–≥–∏—á–µ—Å–∫–∏–π –∞–Ω–∞–ª–∏–∑ –¥–∞–Ω–Ω
                                                  —ã—Ö -- —ç—Ç–æ –Ω–æ–≤–∞—è ...

You may provide a definition with
\DeclareUnicodeCharacter 


! Package inputenc Error: Unicode character —ã (U+044B)
(inputenc)                not set up for use with LaTeX.

See the inputenc package documentation for explanation.
Type  H <return>  for immediate help.
 ...                                              
                                                  
l.4 ...ª–æ–≥–∏—á–µ—Å–∫–∏–π –∞–Ω–∞–ª–∏–∑ –¥–∞–Ω–Ω—ã
                                                  —Ö -- —ç—Ç–æ –Ω–æ–≤–∞—è –æ...

You may provide a definition with
\DeclareUnicodeCharacter 


! Package inputenc Error: Unicode character —Ö (U+0445)
(inputenc)                not set up for use with LaTeX.

See the inputenc package documentation for explanation.
Type  H <return>  for immediate help.
 ...                                              
                                                  
l.4 ...æ–≥–∏—á–µ—Å–∫–∏–π –∞–Ω–∞–ª–∏–∑ –¥–∞–Ω–Ω—ã—Ö
                                                   -- —ç—Ç–æ –Ω–æ–≤–∞—è –æ–±...

You may provide a definition with
\DeclareUnicodeCharacter 


! LaTeX Error: Missing \begin{document}.

See the LaTeX manual or LaTeX Companion for explanation.
Type  H <return>  for immediate help.
 ...                                              
                                                  
l.4 ...≥–∏—á–µ—Å–∫–∏–π –∞–Ω–∞–ª–∏–∑ –¥–∞–Ω–Ω—ã—Ö -
                                                  - —ç—Ç–æ –Ω–æ–≤–∞—è –æ–±–ª...

You're in trouble here.  Try typing  <return>  to proceed.
If that doesn't work, type  X <return>  to quit.

Missing character: There is no - in font nullfont!
Missing character: There is no - in font nullfont!

! Package inputenc Error: Unicode character —ç (U+044D)
(inputenc)                not set up for use with LaTeX.

See the inputenc package documentation for explanation.
Type  H <return>  for immediate help.
 ...                                              
                                                  
l.4 ...á–µ—Å–∫–∏–π –∞–Ω–∞–ª–∏–∑ –¥–∞–Ω–Ω—ã—Ö -- —ç
                                                  —Ç–æ –Ω–æ–≤–∞—è –æ–±–ª–∞—Å...

You may provide a definition with
\DeclareUnicodeCharacter 


! Package inputenc Error: Unicode character —Ç (U+0442)
(inputenc)                not set up for use with LaTeX.

See the inputenc package documentation for explanation.
Type  H <return>  for immediate help.
 ...                                              
                                                  
l.4 ...µ—Å–∫–∏–π –∞–Ω–∞–ª–∏–∑ –¥–∞–Ω–Ω—ã—Ö -- —ç—Ç
                                                  –æ –Ω–æ–≤–∞—è –æ–±–ª–∞—Å—Ç...

You may provide a definition with
\DeclareUnicodeCharacter 


! Package inputenc Error: Unicode character –æ (U+043E)
(inputenc)                not set up for use with LaTeX.

See the inputenc package documentation for explanation.
Type  H <return>  for immediate help.
 ...                                              
                                                  
l.4 ...Å–∫–∏–π –∞–Ω–∞–ª–∏–∑ –¥–∞–Ω–Ω—ã—Ö -- —ç—Ç–æ
                                                   –Ω–æ–≤–∞—è –æ–±–ª–∞—Å—Ç—å...

You may provide a definition with
\DeclareUnicodeCharacter 


! Package inputenc Error: Unicode character –Ω (U+043D)
(inputenc)                not set up for use with LaTeX.

See the inputenc package documentation for explanation.
Type  H <return>  for immediate help.
 ...                                              
                                                  
l.4 ...–∏–π –∞–Ω–∞–ª–∏–∑ –¥–∞–Ω–Ω—ã—Ö -- —ç—Ç–æ –Ω
                                                  –æ–≤–∞—è –æ–±–ª–∞—Å—Ç—å –∞...

You may provide a definition with
\DeclareUnicodeCharacter 


! Package inputenc Error: Unicode character –æ (U+043E)
(inputenc)                not set up for use with LaTeX.

See the inputenc package documentation for explanation.
Type  H <return>  for immediate help.
 ...                                              
                                                  
l.4 ...–π –∞–Ω–∞–ª–∏–∑ –¥–∞–Ω–Ω—ã—Ö -- —ç—Ç–æ –Ω–æ
                                                  –≤–∞—è –æ–±–ª–∞—Å—Ç—å –∞–Ω...

You may provide a definition with
\DeclareUnicodeCharacter 


! Package inputenc Error: Unicode character –≤ (U+0432)
(inputenc)                not set up for use with LaTeX.

See the inputenc package documentation for explanation.
Type  H <return>  for immediate help.
 ...                                              
                                                  
l.4 ... –∞–Ω–∞–ª–∏–∑ –¥–∞–Ω–Ω—ã—Ö -- —ç—Ç–æ –Ω–æ–≤
                                                  –∞—è –æ–±–ª–∞—Å—Ç—å –∞–Ω–∞...

You may provide a definition with
\DeclareUnicodeCharacter 


! Package inputenc Error: Unicode character –∞ (U+0430)
(inputenc)                not set up for use with LaTeX.

See the inputenc package documentation for explanation.
Type  H <return>  for immediate help.
 ...                                              
                                                  
l.4 ...∞–Ω–∞–ª–∏–∑ –¥–∞–Ω–Ω—ã—Ö -- —ç—Ç–æ –Ω–æ–≤–∞
                                                  —è –æ–±–ª–∞—Å—Ç—å –∞–Ω–∞–ª...

You may provide a definition with
\DeclareUnicodeCharacter 


! Package inputenc Error: Unicode character —è (U+044F)
(inputenc)                not set up for use with LaTeX.

See the inputenc package documentation for explanation.
Type  H <return>  for immediate help.
 ...                                              
                                                  
l.4 ...Ω–∞–ª–∏–∑ –¥–∞–Ω–Ω—ã—Ö -- —ç—Ç–æ –Ω–æ–≤–∞—è
                                                   –æ–±–ª–∞—Å—Ç—å –∞–Ω–∞–ª–∏...

You may provide a definition with
\DeclareUnicodeCharacter 


! Package inputenc Error: Unicode character –æ (U+043E)
(inputenc)                not set up for use with LaTeX.

See the inputenc package documentation for explanation.
Type  H <return>  for immediate help.
 ...                                              
                                                  
l.4 ...–ª–∏–∑ –¥–∞–Ω–Ω—ã—Ö -- —ç—Ç–æ –Ω–æ–≤–∞—è –æ
                                                  –±–ª–∞—Å—Ç—å –∞–Ω–∞–ª–∏–∑–...

You may provide a definition with
\DeclareUnicodeCharacter 


! Package inputenc Error: Unicode character –± (U+0431)
(inputenc)                not set up for use with LaTeX.

See the inputenc package documentation for explanation.
Type  H <return>  for immediate help.
 ...                                              
                                                  
l.4 ...–∏–∑ –¥–∞–Ω–Ω—ã—Ö -- —ç—Ç–æ –Ω–æ–≤–∞—è –æ–±
                                                  –ª–∞—Å—Ç—å –∞–Ω–∞–ª–∏–∑–∞ ...

You may provide a definition with
\DeclareUnicodeCharacter 


! Package inputenc Error: Unicode character –ª (U+043B)
(inputenc)                not set up for use with LaTeX.

See the inputenc package documentation for explanation.
Type  H <return>  for immediate help.
 ...                                              
                                                  
l.4 ...–∑ –¥–∞–Ω–Ω—ã—Ö -- —ç—Ç–æ –Ω–æ–≤–∞—è –æ–±–ª
                                                  –∞—Å—Ç—å –∞–Ω–∞–ª–∏–∑–∞ –¥...

You may provide a definition with
\DeclareUnicodeCharacter 


! Package inputenc Error: Unicode character –∞ (U+0430)
(inputenc)                not set up for use with LaTeX.

See the inputenc package documentation for explanation.
Type  H <return>  for immediate help.
 ...                                              
                                                  
l.4 ... –¥–∞–Ω–Ω—ã—Ö -- —ç—Ç–æ –Ω–æ–≤–∞—è –æ–±–ª–∞
                                                  —Å—Ç—å –∞–Ω–∞–ª–∏–∑–∞ –¥–∞...

You may provide a definition with
\DeclareUnicodeCharacter 


! Package inputenc Error: Unicode character —Å (U+0441)
(inputenc)                not set up for use with LaTeX.

See the inputenc package documentation for explanation.
Type  H <return>  for immediate help.
 ...                                              
                                                  
l.4 ...¥–∞–Ω–Ω—ã—Ö -- —ç—Ç–æ –Ω–æ–≤–∞—è –æ–±–ª–∞—Å
                                                  —Ç—å –∞–Ω–∞–ª–∏–∑–∞ –¥–∞–Ω...

You may provide a definition with
\DeclareUnicodeCharacter 


! Package inputenc Error: Unicode character —Ç (U+0442)
(inputenc)                not set up for use with LaTeX.

See the inputenc package documentation for explanation.
Type  H <return>  for immediate help.
 ...                                              
                                                  
l.4 ...∞–Ω–Ω—ã—Ö -- —ç—Ç–æ –Ω–æ–≤–∞—è –æ–±–ª–∞—Å—Ç
                                                  —å –∞–Ω–∞–ª–∏–∑–∞ –¥–∞–Ω–Ω...

You may provide a definition with
\DeclareUnicodeCharacter 


! Package inputenc Error: Unicode character —å (U+044C)
(inputenc)                not set up for use with LaTeX.

See the inputenc package documentation for explanation.
Type  H <return>  for immediate help.
 ...                                              
                                                  
l.4 ...Ω–Ω—ã—Ö -- —ç—Ç–æ –Ω–æ–≤–∞—è –æ–±–ª–∞—Å—Ç—å
                                                   –∞–Ω–∞–ª–∏–∑–∞ –¥–∞–Ω–Ω—ã...

You may provide a definition with
\DeclareUnicodeCharacter 


! Package inputenc Error: Unicode character –∞ (U+0430)
(inputenc)                not set up for use with LaTeX.

See the inputenc package documentation for explanation.
Type  H <return>  for immediate help.
 ...                                              
                                                  
l.4 ...—ã—Ö -- —ç—Ç–æ –Ω–æ–≤–∞—è –æ–±–ª–∞—Å—Ç—å –∞
                                                  –Ω–∞–ª–∏–∑–∞ –¥–∞–Ω–Ω—ã—Ö,...

You may provide a definition with
\DeclareUnicodeCharacter 


! Package inputenc Error: Unicode character –Ω (U+043D)
(inputenc)                not set up for use with LaTeX.

See the inputenc package documentation for explanation.
Type  H <return>  for immediate help.
 ...                                              
                                                  
l.4 ...—Ö -- —ç—Ç–æ –Ω–æ–≤–∞—è –æ–±–ª–∞—Å—Ç—å –∞–Ω
                                                  –∞–ª–∏–∑–∞ –¥–∞–Ω–Ω—ã—Ö, –...

You may provide a definition with
\DeclareUnicodeCharacter 


! Package inputenc Error: Unicode character –∞ (U+0430)
(inputenc)                not set up for use with LaTeX.

See the inputenc package documentation for explanation.
Type  H <return>  for immediate help.
 ...                                              
                                                  
l.4 ... -- —ç—Ç–æ –Ω–æ–≤–∞—è –æ–±–ª–∞—Å—Ç—å –∞–Ω–∞
                                                  –ª–∏–∑–∞ –¥–∞–Ω–Ω—ã—Ö, –∫–...

You may provide a definition with
\DeclareUnicodeCharacter 


! Package inputenc Error: Unicode character –ª (U+043B)
(inputenc)                not set up for use with LaTeX.

See the inputenc package documentation for explanation.
Type  H <return>  for immediate help.
 ...                                              
                                                  
l.4 ...- —ç—Ç–æ –Ω–æ–≤–∞—è –æ–±–ª–∞—Å—Ç—å –∞–Ω–∞–ª
                                                  –∏–∑–∞ –¥–∞–Ω–Ω—ã—Ö, –∫–æ—...

You may provide a definition with
\DeclareUnicodeCharacter 


! Package inputenc Error: Unicode character –∏ (U+0438)
(inputenc)                not set up for use with LaTeX.

See the inputenc package documentation for explanation.
Type  H <return>  for immediate help.
 ...                                              
                                                  
l.4 ...—ç—Ç–æ –Ω–æ–≤–∞—è –æ–±–ª–∞—Å—Ç—å –∞–Ω–∞–ª–∏
                                                  –∑–∞ –¥–∞–Ω–Ω—ã—Ö, –∫–æ—Ç–...

You may provide a definition with
\DeclareUnicodeCharacter 


! Package inputenc Error: Unicode character –∑ (U+0437)
(inputenc)                not set up for use with LaTeX.

See the inputenc package documentation for explanation.
Type  H <return>  for immediate help.
 ...                                              
                                                  
l.4 ...—Ç–æ –Ω–æ–≤–∞—è –æ–±–ª–∞—Å—Ç—å –∞–Ω–∞–ª–∏–∑
                                                  –∞ –¥–∞–Ω–Ω—ã—Ö, –∫–æ—Ç–æ—...

You may provide a definition with
\DeclareUnicodeCharacter 


! Package inputenc Error: Unicode character –∞ (U+0430)
(inputenc)                not set up for use with LaTeX.

See the inputenc package documentation for explanation.
Type  H <return>  for immediate help.
 ...                                              
                                                  
l.4 ...–æ –Ω–æ–≤–∞—è –æ–±–ª–∞—Å—Ç—å –∞–Ω–∞–ª–∏–∑–∞
                                                   –¥–∞–Ω–Ω—ã—Ö, –∫–æ—Ç–æ—Ä–...

You may provide a definition with
\DeclareUnicodeCharacter 


! Package inputenc Error: Unicode character –¥ (U+0434)
(inputenc)                not set up for use with LaTeX.

See the inputenc package documentation for explanation.
Type  H <return>  for immediate help.
 ...                                              
                                                  
l.4 ...–Ω–æ–≤–∞—è –æ–±–ª–∞—Å—Ç—å –∞–Ω–∞–ª–∏–∑–∞ –¥
                                                  –∞–Ω–Ω—ã—Ö, –∫–æ—Ç–æ—Ä–∞—è...

You may provide a definition with
\DeclareUnicodeCharacter 


! Package inputenc Error: Unicode character –∞ (U+0430)
(inputenc)                not set up for use with LaTeX.

See the inputenc package documentation for explanation.
Type  H <return>  for immediate help.
 ...                                              
                                                  
l.4 ...–æ–≤–∞—è –æ–±–ª–∞—Å—Ç—å –∞–Ω–∞–ª–∏–∑–∞ –¥–∞
                                                  –Ω–Ω—ã—Ö, –∫–æ—Ç–æ—Ä–∞—è —...

You may provide a definition with
\DeclareUnicodeCharacter 


! Package inputenc Error: Unicode character –Ω (U+043D)
(inputenc)                not set up for use with LaTeX.

See the inputenc package documentation for explanation.
Type  H <return>  for immediate help.
 ...                                              
                                                  
l.4 ...–≤–∞—è –æ–±–ª–∞—Å—Ç—å –∞–Ω–∞–ª–∏–∑–∞ –¥–∞–Ω
                                                  –Ω—ã—Ö, –∫–æ—Ç–æ—Ä–∞—è —Å–...

You may provide a definition with
\DeclareUnicodeCharacter 


! Package inputenc Error: Unicode character –Ω (U+043D)
(inputenc)                not set up for use with LaTeX.

See the inputenc package documentation for explanation.
Type  H <return>  for immediate help.
 ...                                              
                                                  
l.4 ...–∞—è –æ–±–ª–∞—Å—Ç—å –∞–Ω–∞–ª–∏–∑–∞ –¥–∞–Ω–Ω
                                                  —ã—Ö, –∫–æ—Ç–æ—Ä–∞—è —Å–≤–...

You may provide a definition with
\DeclareUnicodeCharacter 


! Package inputenc Error: Unicode character —ã (U+044B)
(inputenc)                not set up for use with LaTeX.

See the inputenc package documentation for explanation.
Type  H <return>  for immediate help.
 ...                                              
                                                  
l.4 ...—è –æ–±–ª–∞—Å—Ç—å –∞–Ω–∞–ª–∏–∑–∞ –¥–∞–Ω–Ω—ã
                                                  —Ö, –∫–æ—Ç–æ—Ä–∞—è —Å–≤–æ–...

You may provide a definition with
\DeclareUnicodeCharacter 


! Package inputenc Error: Unicode character —Ö (U+0445)
(inputenc)                not set up for use with LaTeX.

See the inputenc package documentation for explanation.
Type  H <return>  for immediate help.
 ...                                              
                                                  
l.4 ... –æ–±–ª–∞—Å—Ç—å –∞–Ω–∞–ª–∏–∑–∞ –¥–∞–Ω–Ω—ã—Ö
                                                  , –∫–æ—Ç–æ—Ä–∞—è —Å–≤–æ–∏–...

You may provide a definition with
\DeclareUnicodeCharacter 

Missing character: There is no , in font nullfont!

! Package inputenc Error: Unicode character –∫ (U+043A)
(inputenc)                not set up for use with LaTeX.

See the inputenc package documentation for explanation.
Type  H <return>  for immediate help.
 ...                                              
                                                  
l.4 ...±–ª–∞—Å—Ç—å –∞–Ω–∞–ª–∏–∑–∞ –¥–∞–Ω–Ω—ã—Ö, –∫
                                                  –æ—Ç–æ—Ä–∞—è —Å–≤–æ–∏–º–∏ ...

You may provide a definition with
\DeclareUnicodeCharacter 


! Package inputenc Error: Unicode character –æ (U+043E)
(inputenc)                not set up for use with LaTeX.

See the inputenc package documentation for explanation.
Type  H <return>  for immediate help.
 ...                                              
                                                  
l.4 ...ª–∞—Å—Ç—å –∞–Ω–∞–ª–∏–∑–∞ –¥–∞–Ω–Ω—ã—Ö, –∫–æ
                                                  —Ç–æ—Ä–∞—è —Å–≤–æ–∏–º–∏ –∫...

You may provide a definition with
\DeclareUnicodeCharacter 


! Package inputenc Error: Unicode character —Ç (U+0442)
(inputenc)                not set up for use with LaTeX.

See the inputenc package documentation for explanation.
Type  H <return>  for immediate help.
 ...                                              
                                                  
l.4 ...∞—Å—Ç—å –∞–Ω–∞–ª–∏–∑–∞ –¥–∞–Ω–Ω—ã—Ö, –∫–æ—Ç
                                                  –æ—Ä–∞—è —Å–≤–æ–∏–º–∏ –∫–æ...

You may provide a definition with
\DeclareUnicodeCharacter 


! Package inputenc Error: Unicode character –æ (U+043E)
(inputenc)                not set up for use with LaTeX.

See the inputenc package documentation for explanation.
Type  H <return>  for immediate help.
 ...                                              
                                                  
l.4 ...Å—Ç—å –∞–Ω–∞–ª–∏–∑–∞ –¥–∞–Ω–Ω—ã—Ö, –∫–æ—Ç–æ
                                                  —Ä–∞—è —Å–≤–æ–∏–º–∏ –∫–æ—Ä...

You may provide a definition with
\DeclareUnicodeCharacter 


! Package inputenc Error: Unicode character —Ä (U+0440)
(inputenc)                not set up for use with LaTeX.

See the inputenc package documentation for explanation.
Type  H <return>  for immediate help.
 ...                                              
                                                  
l.4 ...Ç—å –∞–Ω–∞–ª–∏–∑–∞ –¥–∞–Ω–Ω—ã—Ö, –∫–æ—Ç–æ—Ä
                                                  –∞—è —Å–≤–æ–∏–º–∏ –∫–æ—Ä–Ω...

You may provide a definition with
\DeclareUnicodeCharacter 


! Package inputenc Error: Unicode character –∞ (U+0430)
(inputenc)                not set up for use with LaTeX.

See the inputenc package documentation for explanation.
Type  H <return>  for immediate help.
 ...                                              
                                                  
l.4 ...å –∞–Ω–∞–ª–∏–∑–∞ –¥–∞–Ω–Ω—ã—Ö, –∫–æ—Ç–æ—Ä–∞
                                                  —è —Å–≤–æ–∏–º–∏ –∫–æ—Ä–Ω—è...

You may provide a definition with
\DeclareUnicodeCharacter 


! Package inputenc Error: Unicode character —è (U+044F)
(inputenc)                not set up for use with LaTeX.

See the inputenc package documentation for explanation.
Type  H <return>  for immediate help.
 ...                                              
                                                  
l.4 ...–∞–Ω–∞–ª–∏–∑–∞ –¥–∞–Ω–Ω—ã—Ö, –∫–æ—Ç–æ—Ä–∞—è
                                                   —Å–≤–æ–∏–º–∏ –∫–æ—Ä–Ω—è–º...

You may provide a definition with
\DeclareUnicodeCharacter 


! Package inputenc Error: Unicode character —Å (U+0441)
(inputenc)                not set up for use with LaTeX.

See the inputenc package documentation for explanation.
Type  H <return>  for immediate help.
 ...                                              
                                                  
l.4 ...Ω–∞–ª–∏–∑–∞ –¥–∞–Ω–Ω—ã—Ö, –∫–æ—Ç–æ—Ä–∞—è —Å
                                                  –≤–æ–∏–º–∏ –∫–æ—Ä–Ω—è–º–∏ ...

You may provide a definition with
\DeclareUnicodeCharacter 


! Package inputenc Error: Unicode character –≤ (U+0432)
(inputenc)                not set up for use with LaTeX.

See the inputenc package documentation for explanation.
Type  H <return>  for immediate help.
 ...                                              
                                                  
l.4 ...∞–ª–∏–∑–∞ –¥–∞–Ω–Ω—ã—Ö, –∫–æ—Ç–æ—Ä–∞—è —Å–≤
                                                  –æ–∏–º–∏ –∫–æ—Ä–Ω—è–º–∏ —É...

You may provide a definition with
\DeclareUnicodeCharacter 


! Package inputenc Error: Unicode character –æ (U+043E)
(inputenc)                not set up for use with LaTeX.

See the inputenc package documentation for explanation.
Type  H <return>  for immediate help.
 ...                                              
                                                  
l.4 ...ª–∏–∑–∞ –¥–∞–Ω–Ω—ã—Ö, –∫–æ—Ç–æ—Ä–∞—è —Å–≤–æ
                                                  –∏–º–∏ –∫–æ—Ä–Ω—è–º–∏ —É—Ö...

You may provide a definition with
\DeclareUnicodeCharacter 


! Package inputenc Error: Unicode character –∏ (U+0438)
(inputenc)                not set up for use with LaTeX.

See the inputenc package documentation for explanation.
Type  H <return>  for immediate help.
 ...                                              
                                                  
l.4 ...∏–∑–∞ –¥–∞–Ω–Ω—ã—Ö, –∫–æ—Ç–æ—Ä–∞—è —Å–≤–æ–∏
                                                  –º–∏ –∫–æ—Ä–Ω—è–º–∏ —É—Ö–æ...

You may provide a definition with
\DeclareUnicodeCharacter 


! Package inputenc Error: Unicode character –º (U+043C)
(inputenc)                not set up for use with LaTeX.

See the inputenc package documentation for explanation.
Type  H <return>  for immediate help.
 ...                                              
                                                  
l.4 ...∑–∞ –¥–∞–Ω–Ω—ã—Ö, –∫–æ—Ç–æ—Ä–∞—è —Å–≤–æ–∏–º
                                                  –∏ –∫–æ—Ä–Ω—è–º–∏ —É—Ö–æ–¥...

You may provide a definition with
\DeclareUnicodeCharacter 


! Package inputenc Error: Unicode character –∏ (U+0438)
(inputenc)                not set up for use with LaTeX.

See the inputenc package documentation for explanation.
Type  H <return>  for immediate help.
 ...                                              
                                                  
l.4 ...∞ –¥–∞–Ω–Ω—ã—Ö, –∫–æ—Ç–æ—Ä–∞—è —Å–≤–æ–∏–º–∏
                                                   –∫–æ—Ä–Ω—è–º–∏ —É—Ö–æ–¥–∏...

You may provide a definition with
\DeclareUnicodeCharacter 


! Package inputenc Error: Unicode character –∫ (U+043A)
(inputenc)                not set up for use with LaTeX.

See the inputenc package documentation for explanation.
Type  H <return>  for immediate help.
 ...                                              
                                                  
l.4 ...¥–∞–Ω–Ω—ã—Ö, –∫–æ—Ç–æ—Ä–∞—è —Å–≤–æ–∏–º–∏ –∫
                                                  –æ—Ä–Ω—è–º–∏ —É—Ö–æ–¥–∏—Ç ...

You may provide a definition with
\DeclareUnicodeCharacter 


! Package inputenc Error: Unicode character –æ (U+043E)
(inputenc)                not set up for use with LaTeX.

See the inputenc package documentation for explanation.
Type  H <return>  for immediate help.
 ...                                              
                                                  
l.4 ...∞–Ω–Ω—ã—Ö, –∫–æ—Ç–æ—Ä–∞—è —Å–≤–æ–∏–º–∏ –∫–æ
                                                  —Ä–Ω—è–º–∏ —É—Ö–æ–¥–∏—Ç –≤...

You may provide a definition with
\DeclareUnicodeCharacter 


! Package inputenc Error: Unicode character —Ä (U+0440)
(inputenc)                not set up for use with LaTeX.

See the inputenc package documentation for explanation.
Type  H <return>  for immediate help.
 ...                                              
                                                  
l.4 ...Ω–Ω—ã—Ö, –∫–æ—Ç–æ—Ä–∞—è —Å–≤–æ–∏–º–∏ –∫–æ—Ä
                                                  –Ω—è–º–∏ —É—Ö–æ–¥–∏—Ç –≤ –...

You may provide a definition with
\DeclareUnicodeCharacter 


! Package inputenc Error: Unicode character –Ω (U+043D)
(inputenc)                not set up for use with LaTeX.

See the inputenc package documentation for explanation.
Type  H <return>  for immediate help.
 ...                                              
                                                  
l.4 ...Ω—ã—Ö, –∫–æ—Ç–æ—Ä–∞—è —Å–≤–æ–∏–º–∏ –∫–æ—Ä–Ω
                                                  —è–º–∏ —É—Ö–æ–¥–∏—Ç –≤ –∞–...

You may provide a definition with
\DeclareUnicodeCharacter 


! Package inputenc Error: Unicode character —è (U+044F)
(inputenc)                not set up for use with LaTeX.

See the inputenc package documentation for explanation.
Type  H <return>  for immediate help.
 ...                                              
                                                  
l.4 ...ã—Ö, –∫–æ—Ç–æ—Ä–∞—è —Å–≤–æ–∏–º–∏ –∫–æ—Ä–Ω—è
                                                  –º–∏ —É—Ö–æ–¥–∏—Ç –≤ –∞–ª–...

You may provide a definition with
\DeclareUnicodeCharacter 


! Package inputenc Error: Unicode character –º (U+043C)
(inputenc)                not set up for use with LaTeX.

See the inputenc package documentation for explanation.
Type  H <return>  for immediate help.
 ...                                              
                                                  
l.4 ...Ö, –∫–æ—Ç–æ—Ä–∞—è —Å–≤–æ–∏–º–∏ –∫–æ—Ä–Ω—è–º
                                                  –∏ —É—Ö–æ–¥–∏—Ç –≤ –∞–ª–≥–...

You may provide a definition with
\DeclareUnicodeCharacter 


! Package inputenc Error: Unicode character –∏ (U+0438)
(inputenc)                not set up for use with LaTeX.

See the inputenc package documentation for explanation.
Type  H <return>  for immediate help.
 ...                                              
                                                  
l.4 ... –∫–æ—Ç–æ—Ä–∞—è —Å–≤–æ–∏–º–∏ –∫–æ—Ä–Ω—è–º–∏
                                                   —É—Ö–æ–¥–∏—Ç –≤ –∞–ª–≥–µ–...

You may provide a definition with
\DeclareUnicodeCharacter 


! Package inputenc Error: Unicode character —É (U+0443)
(inputenc)                not set up for use with LaTeX.

See the inputenc package documentation for explanation.
Type  H <return>  for immediate help.
 ...                                              
                                                  
l.4 ...–æ—Ç–æ—Ä–∞—è —Å–≤–æ–∏–º–∏ –∫–æ—Ä–Ω—è–º–∏ —É
                                                  —Ö–æ–¥–∏—Ç –≤ –∞–ª–≥–µ–±—Ä...

You may provide a definition with
\DeclareUnicodeCharacter 


! Package inputenc Error: Unicode character —Ö (U+0445)
(inputenc)                not set up for use with LaTeX.

See the inputenc package documentation for explanation.
Type  H <return>  for immediate help.
 ...                                              
                                                  
l.4 ...—Ç–æ—Ä–∞—è —Å–≤–æ–∏–º–∏ –∫–æ—Ä–Ω—è–º–∏ —É—Ö
                                                  –æ–¥–∏—Ç –≤ –∞–ª–≥–µ–±—Ä–∞...

You may provide a definition with
\DeclareUnicodeCharacter 


! Package inputenc Error: Unicode character –æ (U+043E)
(inputenc)                not set up for use with LaTeX.

See the inputenc package documentation for explanation.
Type  H <return>  for immediate help.
 ...                                              
                                                  
l.4 ...–æ—Ä–∞—è —Å–≤–æ–∏–º–∏ –∫–æ—Ä–Ω—è–º–∏ —É—Ö–æ
                                                  –¥–∏—Ç –≤ –∞–ª–≥–µ–±—Ä–∞–∏...

You may provide a definition with
\DeclareUnicodeCharacter 


! Package inputenc Error: Unicode character –¥ (U+0434)
(inputenc)                not set up for use with LaTeX.

See the inputenc package documentation for explanation.
Type  H <return>  for immediate help.
 ...                                              
                                                  
l.4 ...—Ä–∞—è —Å–≤–æ–∏–º–∏ –∫–æ—Ä–Ω—è–º–∏ —É—Ö–æ–¥
                                                  –∏—Ç –≤ –∞–ª–≥–µ–±—Ä–∞–∏—á...

You may provide a definition with
\DeclareUnicodeCharacter 


! Package inputenc Error: Unicode character –∏ (U+0438)
(inputenc)                not set up for use with LaTeX.

See the inputenc package documentation for explanation.
Type  H <return>  for immediate help.
 ...                                              
                                                  
l.4 ...–∞—è —Å–≤–æ–∏–º–∏ –∫–æ—Ä–Ω—è–º–∏ —É—Ö–æ–¥–∏
                                                  —Ç –≤ –∞–ª–≥–µ–±—Ä–∞–∏—á–µ...

You may provide a definition with
\DeclareUnicodeCharacter 


! Package inputenc Error: Unicode character —Ç (U+0442)
(inputenc)                not set up for use with LaTeX.

See the inputenc package documentation for explanation.
Type  H <return>  for immediate help.
 ...                                              
                                                  
l.4 ...—è —Å–≤–æ–∏–º–∏ –∫–æ—Ä–Ω—è–º–∏ —É—Ö–æ–¥–∏—Ç
                                                   –≤ –∞–ª–≥–µ–±—Ä–∞–∏—á–µ—Å...

You may provide a definition with
\DeclareUnicodeCharacter 


! Package inputenc Error: Unicode character –≤ (U+0432)
(inputenc)                not set up for use with LaTeX.

See the inputenc package documentation for explanation.
Type  H <return>  for immediate help.
 ...                                              
                                                  
l.4 ...—Å–≤–æ–∏–º–∏ –∫–æ—Ä–Ω—è–º–∏ —É—Ö–æ–¥–∏—Ç –≤
                                                   –∞–ª–≥–µ–±—Ä–∞–∏—á–µ—Å–∫—...

You may provide a definition with
\DeclareUnicodeCharacter 


! Package inputenc Error: Unicode character –∞ (U+0430)
(inputenc)                not set up for use with LaTeX.

See the inputenc package documentation for explanation.
Type  H <return>  for immediate help.
 ...                                              
                                                  
l.4 ...≤–æ–∏–º–∏ –∫–æ—Ä–Ω—è–º–∏ —É—Ö–æ–¥–∏—Ç –≤ –∞
                                                  –ª–≥–µ–±—Ä–∞–∏—á–µ—Å–∫—É—é...

You may provide a definition with
\DeclareUnicodeCharacter 


! Package inputenc Error: Unicode character –ª (U+043B)
(inputenc)                not set up for use with LaTeX.

See the inputenc package documentation for explanation.
Type  H <return>  for immediate help.
 ...                                              
                                                  
l.4 ...æ–∏–º–∏ –∫–æ—Ä–Ω—è–º–∏ —É—Ö–æ–¥–∏—Ç –≤ –∞–ª
                                                  –≥–µ–±—Ä–∞–∏—á–µ—Å–∫—É—é —...

You may provide a definition with
\DeclareUnicodeCharacter 


! Package inputenc Error: Unicode character –≥ (U+0433)
(inputenc)                not set up for use with LaTeX.

See the inputenc package documentation for explanation.
Type  H <return>  for immediate help.
 ...                                              
                                                  
l.4 ...∏–º–∏ –∫–æ—Ä–Ω—è–º–∏ —É—Ö–æ–¥–∏—Ç –≤ –∞–ª–≥
                                                  –µ–±—Ä–∞–∏—á–µ—Å–∫—É—é —Ç–...

You may provide a definition with
\DeclareUnicodeCharacter 


! Package inputenc Error: Unicode character –µ (U+0435)
(inputenc)                not set up for use with LaTeX.

See the inputenc package documentation for explanation.
Type  H <return>  for immediate help.
 ...                                              
                                                  
l.4 ...º–∏ –∫–æ—Ä–Ω—è–º–∏ —É—Ö–æ–¥–∏—Ç –≤ –∞–ª–≥–µ
                                                  –±—Ä–∞–∏—á–µ—Å–∫—É—é —Ç–æ–...

You may provide a definition with
\DeclareUnicodeCharacter 


! Package inputenc Error: Unicode character –± (U+0431)
(inputenc)                not set up for use with LaTeX.

See the inputenc package documentation for explanation.
Type  H <return>  for immediate help.
 ...                                              
                                                  
l.4 ...∏ –∫–æ—Ä–Ω—è–º–∏ —É—Ö–æ–¥–∏—Ç –≤ –∞–ª–≥–µ–±
                                                  —Ä–∞–∏—á–µ—Å–∫—É—é —Ç–æ–ø–...

You may provide a definition with
\DeclareUnicodeCharacter 


! Package inputenc Error: Unicode character —Ä (U+0440)
(inputenc)                not set up for use with LaTeX.

See the inputenc package documentation for explanation.
Type  H <return>  for immediate help.
 ...                                              
                                                  
l.4 ...–∫–æ—Ä–Ω—è–º–∏ —É—Ö–æ–¥–∏—Ç –≤ –∞–ª–≥–µ–±—Ä
                                                  –∞–∏—á–µ—Å–∫—É—é —Ç–æ–ø–æ–...

You may provide a definition with
\DeclareUnicodeCharacter 


! Package inputenc Error: Unicode character –∞ (U+0430)
(inputenc)                not set up for use with LaTeX.

See the inputenc package documentation for explanation.
Type  H <return>  for immediate help.
 ...                                              
                                                  
l.4 ...–æ—Ä–Ω—è–º–∏ —É—Ö–æ–¥–∏—Ç –≤ –∞–ª–≥–µ–±—Ä–∞
                                                  –∏—á–µ—Å–∫—É—é —Ç–æ–ø–æ–ª–...

You may provide a definition with
\DeclareUnicodeCharacter 


! Package inputenc Error: Unicode character –∏ (U+0438)
(inputenc)                not set up for use with LaTeX.

See the inputenc package documentation for explanation.
Type  H <return>  for immediate help.
 ...                                              
                                                  
l.4 ...—Ä–Ω—è–º–∏ —É—Ö–æ–¥–∏—Ç –≤ –∞–ª–≥–µ–±—Ä–∞–∏
                                                  —á–µ—Å–∫—É—é —Ç–æ–ø–æ–ª–æ–...

You may provide a definition with
\DeclareUnicodeCharacter 


! Package inputenc Error: Unicode character —á (U+0447)
(inputenc)                not set up for use with LaTeX.

See the inputenc package documentation for explanation.
Type  H <return>  for immediate help.
 ...                                              
                                                  
l.4 ...–Ω—è–º–∏ —É—Ö–æ–¥–∏—Ç –≤ –∞–ª–≥–µ–±—Ä–∞–∏—á
                                                  –µ—Å–∫—É—é —Ç–æ–ø–æ–ª–æ–≥–...

You may provide a definition with
\DeclareUnicodeCharacter 


! Package inputenc Error: Unicode character –µ (U+0435)
(inputenc)                not set up for use with LaTeX.

See the inputenc package documentation for explanation.
Type  H <return>  for immediate help.
 ...                                              
                                                  
l.4 ...—è–º–∏ —É—Ö–æ–¥–∏—Ç –≤ –∞–ª–≥–µ–±—Ä–∞–∏—á–µ
                                                  —Å–∫—É—é —Ç–æ–ø–æ–ª–æ–≥–∏—...

You may provide a definition with
\DeclareUnicodeCharacter 


! Package inputenc Error: Unicode character —Å (U+0441)
(inputenc)                not set up for use with LaTeX.

See the inputenc package documentation for explanation.
Type  H <return>  for immediate help.
 ...                                              
                                                  
l.4 ...–º–∏ —É—Ö–æ–¥–∏—Ç –≤ –∞–ª–≥–µ–±—Ä–∞–∏—á–µ—Å
                                                  –∫—É—é —Ç–æ–ø–æ–ª–æ–≥–∏—é....

You may provide a definition with
\DeclareUnicodeCharacter 


! Package inputenc Error: Unicode character –∫ (U+043A)
(inputenc)                not set up for use with LaTeX.

See the inputenc package documentation for explanation.
Type  H <return>  for immediate help.
 ...                                              
                                                  
l.4 ...–∏ —É—Ö–æ–¥–∏—Ç –≤ –∞–ª–≥–µ–±—Ä–∞–∏—á–µ—Å–∫
                                                  —É—é —Ç–æ–ø–æ–ª–æ–≥–∏—é. –...

You may provide a definition with
\DeclareUnicodeCharacter 


! Package inputenc Error: Unicode character —É (U+0443)
(inputenc)                not set up for use with LaTeX.

See the inputenc package documentation for explanation.
Type  H <return>  for immediate help.
 ...                                              
                                                  
l.4 ... —É—Ö–æ–¥–∏—Ç –≤ –∞–ª–≥–µ–±—Ä–∞–∏—á–µ—Å–∫—É
                                                  —é —Ç–æ–ø–æ–ª–æ–≥–∏—é. –û–...

You may provide a definition with
\DeclareUnicodeCharacter 


! Package inputenc Error: Unicode character —é (U+044E)
(inputenc)                not set up for use with LaTeX.

See the inputenc package documentation for explanation.
Type  H <return>  for immediate help.
 ...                                              
                                                  
l.4 ...É—Ö–æ–¥–∏—Ç –≤ –∞–ª–≥–µ–±—Ä–∞–∏—á–µ—Å–∫—É—é
                                                   —Ç–æ–ø–æ–ª–æ–≥–∏—é. –û–Ω–...

You may provide a definition with
\DeclareUnicodeCharacter 


! Package inputenc Error: Unicode character —Ç (U+0442)
(inputenc)                not set up for use with LaTeX.

See the inputenc package documentation for explanation.
Type  H <return>  for immediate help.
 ...                                              
                                                  
l.4 ...–æ–¥–∏—Ç –≤ –∞–ª–≥–µ–±—Ä–∞–∏—á–µ—Å–∫—É—é —Ç
                                                  –æ–ø–æ–ª–æ–≥–∏—é. –û–Ω–∞ –...

You may provide a definition with
\DeclareUnicodeCharacter 


! Package inputenc Error: Unicode character –æ (U+043E)
(inputenc)                not set up for use with LaTeX.

See the inputenc package documentation for explanation.
Type  H <return>  for immediate help.
 ...                                              
                                                  
l.4 ...–¥–∏—Ç –≤ –∞–ª–≥–µ–±—Ä–∞–∏—á–µ—Å–∫—É—é —Ç–æ
                                                  –ø–æ–ª–æ–≥–∏—é. –û–Ω–∞ –≤–...

You may provide a definition with
\DeclareUnicodeCharacter 


! Package inputenc Error: Unicode character –ø (U+043F)
(inputenc)                not set up for use with LaTeX.

See the inputenc package documentation for explanation.
Type  H <return>  for immediate help.
 ...                                              
                                                  
l.4 ...–∏—Ç –≤ –∞–ª–≥–µ–±—Ä–∞–∏—á–µ—Å–∫—É—é —Ç–æ–ø
                                                  –æ–ª–æ–≥–∏—é. –û–Ω–∞ –≤–æ–...

You may provide a definition with
\DeclareUnicodeCharacter 


! Package inputenc Error: Unicode character –æ (U+043E)
(inputenc)                not set up for use with LaTeX.

See the inputenc package documentation for explanation.
Type  H <return>  for immediate help.
 ...                                              
                                                  
l.4 ...—Ç –≤ –∞–ª–≥–µ–±—Ä–∞–∏—á–µ—Å–∫—É—é —Ç–æ–ø–æ
                                                  –ª–æ–≥–∏—é. –û–Ω–∞ –≤–æ–∑–...
(That makes 100 errors; please try again.) 
Here is how much of TeX's memory you used:
 45 strings out of 481239
 753 string characters out of 5920377
 236563 words of memory out of 5000000
 15412 multiletter control sequences out of 15000+600000
 532338 words of font info for 24 fonts, out of 8000000 for 9000
 1141 hyphenation exceptions out of 8191
 12i,0n,15p,640b,22s stack positions out of 5000i,500n,10000p,200000b,80000s

!  ==> Fatal error occurred, no output PDF file produced!
